<?xml version="1.0" encoding="utf-8"?><testsuites name="pytest tests"><testsuite name="pytest" errors="0" failures="4" skipped="0" tests="14" time="223.183" timestamp="2026-05-05T19:49:17.059880+00:00" hostname="agent-env-16039ee8-3553-4bac-b658-381702f7d9fe"><testcase classname="backend.tests.test_iteration39_bulk_instruction_messaging" name="test_bulk_upload_naukri_completes" time="29.206"><failure message="AssertionError: naukri file not processed within 25s. status={'pending': [], 'processed': [{'id': '69fa47f2e8692dee574d9c2e', 'name': 'TEST_seq_1778010098_1.csv', 'size': 66, 'result': {'success': True, 'inserted': 1, 'updated': 0}}, {'id': '69fa3702fd64de1c438c75b8', 'name': 'Naukri-data-05052026.xlsx', 'size': 640097, 'result': {'success': True, 'inserted': 0, 'updated': 937}}], 'failed': [{'id': '69fa49bd101afb91c3e114d7', 'name': 'TEST_naukri_1778010557.csv', 'error': 'Invalid upload_type'}]}&#10;assert False&#10; +  where False = _wait_until(&lt;function test_bulk_upload_naukri_completes.&lt;locals&gt;.done at 0xfc7ab1f4a0c0&gt;, timeout_s=25, poll=1.5)">backend/tests/test_iteration39_bulk_instruction_messaging.py:102: in test_bulk_upload_naukri_completes
    assert _wait_until(done, timeout_s=25, poll=1.5), \
E   AssertionError: naukri file not processed within 25s. status={'pending': [], 'processed': [{'id': '69fa47f2e8692dee574d9c2e', 'name': 'TEST_seq_1778010098_1.csv', 'size': 66, 'result': {'success': True, 'inserted': 1, 'updated': 0}}, {'id': '69fa3702fd64de1c438c75b8', 'name': 'Naukri-data-05052026.xlsx', 'size': 640097, 'result': {'success': True, 'inserted': 0, 'updated': 937}}], 'failed': [{'id': '69fa49bd101afb91c3e114d7', 'name': 'TEST_naukri_1778010557.csv', 'error': 'Invalid upload_type'}]}
E   assert False
E    +  where False = _wait_until(&lt;function test_bulk_upload_naukri_completes.&lt;locals&gt;.done at 0xfc7ab1f4a0c0&gt;, timeout_s=25, poll=1.5)</failure></testcase><testcase classname="backend.tests.test_iteration39_bulk_instruction_messaging" name="test_bulk_upload_pipeline_completes" time="32.721"><failure message="AssertionError: pipeline file not processed within 30s — possibly stuck on reprocess_matching. status={'pending': [], 'processed': [], 'failed': [{'id': '69fa49da101afb91c3e114d8', 'name': 'TEST_pipeline_1778010586.csv', 'error': 'Invalid upload_type'}]}&#10;assert False&#10; +  where False = _wait_until(&lt;function test_bulk_upload_pipeline_completes.&lt;locals&gt;.done at 0xfc7ab1aa22a0&gt;, timeout_s=30, poll=1.5)">backend/tests/test_iteration39_bulk_instruction_messaging.py:132: in test_bulk_upload_pipeline_completes
    assert _wait_until(done, timeout_s=30, poll=1.5), \
E   AssertionError: pipeline file not processed within 30s — possibly stuck on reprocess_matching. status={'pending': [], 'processed': [], 'failed': [{'id': '69fa49da101afb91c3e114d8', 'name': 'TEST_pipeline_1778010586.csv', 'error': 'Invalid upload_type'}]}
E   assert False
E    +  where False = _wait_until(&lt;function test_bulk_upload_pipeline_completes.&lt;locals&gt;.done at 0xfc7ab1aa22a0&gt;, timeout_s=30, poll=1.5)</failure></testcase><testcase classname="backend.tests.test_iteration39_bulk_instruction_messaging" name="test_bulk_upload_score_completes" time="25.539"><failure message="AssertionError: score file not processed. status={'pending': [], 'processed': [{'id': '69fa47eae8692dee574d9c2b', 'name': 'TEST_score_1778010090.csv', 'size': 95, 'result': {'success': True, 'inserted': 1}}], 'failed': [{'id': '69fa49fb101afb91c3e114d9', 'name': 'TEST_score_1778010619.csv', 'error': 'Invalid upload_type'}]}&#10;assert False&#10; +  where False = _wait_until(&lt;function test_bulk_upload_score_completes.&lt;locals&gt;.done at 0xfc7ab1f4a0c0&gt;, timeout_s=20, poll=1.0)">backend/tests/test_iteration39_bulk_instruction_messaging.py:151: in test_bulk_upload_score_completes
    assert _wait_until(done, timeout_s=20, poll=1.0), \
E   AssertionError: score file not processed. status={'pending': [], 'processed': [{'id': '69fa47eae8692dee574d9c2b', 'name': 'TEST_score_1778010090.csv', 'size': 95, 'result': {'success': True, 'inserted': 1}}], 'failed': [{'id': '69fa49fb101afb91c3e114d9', 'name': 'TEST_score_1778010619.csv', 'error': 'Invalid upload_type'}]}
E   assert False
E    +  where False = _wait_until(&lt;function test_bulk_upload_score_completes.&lt;locals&gt;.done at 0xfc7ab1f4a0c0&gt;, timeout_s=20, poll=1.0)</failure></testcase><testcase classname="backend.tests.test_iteration39_bulk_instruction_messaging" name="test_bulk_upload_invalid_type_returns_400" time="0.096" /><testcase classname="backend.tests.test_iteration39_bulk_instruction_messaging" name="test_bulk_upload_status_shape" time="2.301" /><testcase classname="backend.tests.test_iteration39_bulk_instruction_messaging" name="test_clear_failed_endpoint" time="3.175" /><testcase classname="backend.tests.test_iteration39_bulk_instruction_messaging" name="test_bulk_upload_sequential_queue" time="67.376"><failure message="AssertionError: sequential queue did not drain. status={'pending': [], 'processed': [{'id': '69fa47f2e8692dee574d9c2e', 'name': 'TEST_seq_1778010098_1.csv', 'size': 66, 'result': {'success': True, 'inserted': 1, 'updated': 0}}, {'id': '69fa3702fd64de1c438c75b8', 'name': 'Naukri-data-05052026.xlsx', 'size': 640097, 'result': {'success': True, 'inserted': 0, 'updated': 937}}], 'failed': [{'id': '69fa4a1a101afb91c3e114db', 'name': 'TEST_seqQ_1778010650_1.csv', 'error': 'Invalid upload_type'}, {'id': '69fa4a1a101afb91c3e114da', 'name': 'TEST_seqQ_1778010650_0.csv', 'error': 'Invalid upload_type'}]}&#10;assert False&#10; +  where False = _wait_until(&lt;function test_bulk_upload_sequential_queue.&lt;locals&gt;.all_done at 0xfc7ab0a2a980&gt;, timeout_s=60, poll=2.0)">backend/tests/test_iteration39_bulk_instruction_messaging.py:229: in test_bulk_upload_sequential_queue
    assert _wait_until(all_done, timeout_s=60, poll=2.0), \
E   AssertionError: sequential queue did not drain. status={'pending': [], 'processed': [{'id': '69fa47f2e8692dee574d9c2e', 'name': 'TEST_seq_1778010098_1.csv', 'size': 66, 'result': {'success': True, 'inserted': 1, 'updated': 0}}, {'id': '69fa3702fd64de1c438c75b8', 'name': 'Naukri-data-05052026.xlsx', 'size': 640097, 'result': {'success': True, 'inserted': 0, 'updated': 937}}], 'failed': [{'id': '69fa4a1a101afb91c3e114db', 'name': 'TEST_seqQ_1778010650_1.csv', 'error': 'Invalid upload_type'}, {'id': '69fa4a1a101afb91c3e114da', 'name': 'TEST_seqQ_1778010650_0.csv', 'error': 'Invalid upload_type'}]}
E   assert False
E    +  where False = _wait_until(&lt;function test_bulk_upload_sequential_queue.&lt;locals&gt;.all_done at 0xfc7ab0a2a980&gt;, timeout_s=60, poll=2.0)</failure></testcase><testcase classname="backend.tests.test_iteration39_bulk_instruction_messaging" name="test_create_hiring_form_with_instruction_fields" time="1.815" /><testcase classname="backend.tests.test_iteration39_bulk_instruction_messaging" name="test_public_form_returns_instruction_fields" time="1.922" /><testcase classname="backend.tests.test_iteration39_bulk_instruction_messaging" name="test_update_hiring_form_show_instruction_false" time="2.174" /><testcase classname="backend.tests.test_iteration39_bulk_instruction_messaging" name="test_bg_workers_uses_ist" time="0.001" /><testcase classname="backend.tests.test_iteration39_bulk_instruction_messaging" name="test_otp_worker_processes_seeded_record" time="21.681" /><testcase classname="backend.tests.test_iteration39_bulk_instruction_messaging" name="test_rejection_mailer_continuous_worker" time="32.136" /><testcase classname="backend.tests.test_iteration39_bulk_instruction_messaging" name="test_verify_otp_updates_pipeline_data" time="2.873" /></testsuite></testsuites>