<?xml version="1.0" encoding="utf-8"?><testsuites name="pytest tests"><testsuite name="pytest" errors="0" failures="0" skipped="0" tests="14" time="119.700" timestamp="2026-05-05T20:14:35.381910+00:00" hostname="agent-env-16039ee8-3553-4bac-b658-381702f7d9fe"><testcase classname="backend.tests.test_iteration39_bulk_instruction_messaging" name="test_bulk_upload_naukri_completes" time="8.824" /><testcase classname="backend.tests.test_iteration39_bulk_instruction_messaging" name="test_bulk_upload_pipeline_completes" time="6.360" /><testcase classname="backend.tests.test_iteration39_bulk_instruction_messaging" name="test_bulk_upload_score_completes" time="15.306" /><testcase classname="backend.tests.test_iteration39_bulk_instruction_messaging" name="test_bulk_upload_invalid_type_returns_400" time="0.080" /><testcase classname="backend.tests.test_iteration39_bulk_instruction_messaging" name="test_bulk_upload_status_shape" time="2.253" /><testcase classname="backend.tests.test_iteration39_bulk_instruction_messaging" name="test_clear_failed_endpoint" time="3.160" /><testcase classname="backend.tests.test_iteration39_bulk_instruction_messaging" name="test_bulk_upload_sequential_queue" time="7.820" /><testcase classname="backend.tests.test_iteration39_bulk_instruction_messaging" name="test_create_hiring_form_with_instruction_fields" time="1.784" /><testcase classname="backend.tests.test_iteration39_bulk_instruction_messaging" name="test_public_form_returns_instruction_fields" time="1.884" /><testcase classname="backend.tests.test_iteration39_bulk_instruction_messaging" name="test_update_hiring_form_show_instruction_false" time="2.160" /><testcase classname="backend.tests.test_iteration39_bulk_instruction_messaging" name="test_bg_workers_uses_ist" time="0.001" /><testcase classname="backend.tests.test_iteration39_bulk_instruction_messaging" name="test_otp_worker_processes_seeded_record" time="26.946" /><testcase classname="backend.tests.test_iteration39_bulk_instruction_messaging" name="test_rejection_mailer_continuous_worker" time="40.164" /><testcase classname="backend.tests.test_iteration39_bulk_instruction_messaging" name="test_verify_otp_updates_pipeline_data" time="2.881" /></testsuite></testsuites>