<?xml version="1.0" encoding="utf-8"?><testsuites name="pytest tests"><testsuite name="pytest" errors="0" failures="2" skipped="0" tests="10" time="76.247" timestamp="2026-05-06T07:51:22.570274+00:00" hostname="agent-env-16039ee8-3553-4bac-b658-381702f7d9fe"><testcase classname="backend.tests.test_iteration42_delayed_schedule_otp_lock" name="test_register_fresh_email_no_immediate_link_sent" time="10.967"><failure message="AssertionError: register failed: 409 {&quot;detail&quot;:&quot;You have already attended an interview with us. Please try again after 4 months from your last interview.&quot;}&#10;assert 409 == 200&#10; +  where 409 = &lt;Response [409]&gt;.status_code">backend/tests/test_iteration42_delayed_schedule_otp_lock.py:119: in test_register_fresh_email_no_immediate_link_sent
    assert r.status_code == 200, f"register failed: {r.status_code} {r.text}"
E   AssertionError: register failed: 409 {"detail":"You have already attended an interview with us. Please try again after 4 months from your last interview."}
E   assert 409 == 200
E    +  where 409 = &lt;Response [409]&gt;.status_code</failure></testcase><testcase classname="backend.tests.test_iteration42_delayed_schedule_otp_lock" name="test_register_blocked_by_recent_attended_record" time="1.417" /><testcase classname="backend.tests.test_iteration42_delayed_schedule_otp_lock" name="test_register_succeeds_after_120_days" time="1.832"><failure message="AssertionError: expected 200 (block lifted), got 409: {&quot;detail&quot;:&quot;You have already attended an interview with us. Please try again after 4 months from your last interview.&quot;}&#10;assert 409 == 200&#10; +  where 409 = &lt;Response [409]&gt;.status_code">backend/tests/test_iteration42_delayed_schedule_otp_lock.py:189: in test_register_succeeds_after_120_days
    assert r.status_code == 200, f"expected 200 (block lifted), got {r.status_code}: {r.text}"
E   AssertionError: expected 200 (block lifted), got 409: {"detail":"You have already attended an interview with us. Please try again after 4 months from your last interview."}
E   assert 409 == 200
E    +  where 409 = &lt;Response [409]&gt;.status_code</failure></testcase><testcase classname="backend.tests.test_iteration42_delayed_schedule_otp_lock" name="test_schedule_click_sets_initiated_flag" time="1.350" /><testcase classname="backend.tests.test_iteration42_delayed_schedule_otp_lock" name="test_schedule_click_invalid_token_404" time="0.345" /><testcase classname="backend.tests.test_iteration42_delayed_schedule_otp_lock" name="test_worker_sends_after_5min_and_skips_if_initiated" time="53.702" /><testcase classname="backend.tests.test_iteration42_delayed_schedule_otp_lock" name="test_schedule_on_otp_verified_returns_409" time="0.910" /><testcase classname="backend.tests.test_iteration42_delayed_schedule_otp_lock" name="test_reschedule_unsets_old_otp_and_message_flags" time="1.829" /><testcase classname="backend.tests.test_iteration42_delayed_schedule_otp_lock" name="test_verify_otp_returns_candidate_details" time="2.626" /><testcase classname="backend.tests.test_iteration42_delayed_schedule_otp_lock" name="test_verify_otp_expired_returns_failure" time="1.007" /></testsuite></testsuites>