<?xml version="1.0" encoding="utf-8"?><testsuites name="pytest tests"><testsuite name="pytest" errors="0" failures="0" skipped="0" tests="10" time="55.945" timestamp="2026-05-06T07:56:33.664662+00:00" hostname="agent-env-16039ee8-3553-4bac-b658-381702f7d9fe"><testcase classname="backend.tests.test_iteration42_delayed_schedule_otp_lock" name="test_register_fresh_email_no_immediate_link_sent" time="5.577" /><testcase classname="backend.tests.test_iteration42_delayed_schedule_otp_lock" name="test_register_blocked_by_recent_attended_record" time="1.380" /><testcase classname="backend.tests.test_iteration42_delayed_schedule_otp_lock" name="test_register_succeeds_after_120_days" time="3.754" /><testcase classname="backend.tests.test_iteration42_delayed_schedule_otp_lock" name="test_schedule_click_sets_initiated_flag" time="1.409" /><testcase classname="backend.tests.test_iteration42_delayed_schedule_otp_lock" name="test_schedule_click_invalid_token_404" time="0.366" /><testcase classname="backend.tests.test_iteration42_delayed_schedule_otp_lock" name="test_worker_sends_after_5min_and_skips_if_initiated" time="36.928" /><testcase classname="backend.tests.test_iteration42_delayed_schedule_otp_lock" name="test_schedule_on_otp_verified_returns_409" time="0.911" /><testcase classname="backend.tests.test_iteration42_delayed_schedule_otp_lock" name="test_reschedule_unsets_old_otp_and_message_flags" time="1.853" /><testcase classname="backend.tests.test_iteration42_delayed_schedule_otp_lock" name="test_verify_otp_returns_candidate_details" time="2.634" /><testcase classname="backend.tests.test_iteration42_delayed_schedule_otp_lock" name="test_verify_otp_expired_returns_failure" time="1.021" /></testsuite></testsuites>