<?xml version="1.0" encoding="utf-8"?><testsuites name="pytest tests"><testsuite name="pytest" errors="0" failures="0" skipped="0" tests="20" time="11.174" timestamp="2026-05-14T17:08:23.417121+00:00" hostname="agent-env-ef52a1ec-0c1a-4c02-bee7-5fb78a08b255"><testcase classname="tests.test_iteration95_search_phone.TestApplicantSearch" name="test_auth_required" time="6.392" /><testcase classname="tests.test_iteration95_search_phone.TestApplicantSearch" name="test_single_char_returns_empty" time="1.333" /><testcase classname="tests.test_iteration95_search_phone.TestApplicantSearch" name="test_text_search_returns_matches" time="0.303" /><testcase classname="tests.test_iteration95_search_phone.TestApplicantSearch" name="test_digit_search_matches_phone_or_email" time="0.481" /><testcase classname="tests.test_iteration95_search_phone.TestApplicantSearch" name="test_no_match_returns_empty" time="0.565" /><testcase classname="tests.test_iteration95_search_phone.TestApplicantSearch" name="test_limit_truncation" time="0.369" /><testcase classname="tests.test_iteration95_search_phone.TestApplicantLookup" name="test_lookup_not_found_returns_404" time="0.304" /><testcase classname="tests.test_iteration95_search_phone.TestApplicantLookup" name="test_lookup_missing_params_returns_400" time="0.070" /><testcase classname="tests.test_iteration95_search_phone.TestApplicantLookup" name="test_lookup_after_search_card_click" time="0.855" /><testcase classname="tests.test_iteration95_search_phone.TestPhoneValidator" name="test_accepted_variants[9876543210-9876543210]" time="0.327" /><testcase classname="tests.test_iteration95_search_phone.TestPhoneValidator" name="test_accepted_variants[09876543210-9876543210]" time="0.000" /><testcase classname="tests.test_iteration95_search_phone.TestPhoneValidator" name="test_accepted_variants[+919876543210-9876543210]" time="0.000" /><testcase classname="tests.test_iteration95_search_phone.TestPhoneValidator" name="test_accepted_variants[919876543210-9876543210]" time="0.000" /><testcase classname="tests.test_iteration95_search_phone.TestPhoneValidator" name="test_accepted_variants[9123456789-9123456789]" time="0.000" /><testcase classname="tests.test_iteration95_search_phone.TestPhoneValidator" name="test_accepted_variants[+91 9876543210-9876543210]" time="0.000" /><testcase classname="tests.test_iteration95_search_phone.TestPhoneValidator" name="test_too_short_raises" time="0.000" /><testcase classname="tests.test_iteration95_search_phone.TestPhoneValidator" name="test_too_long_raises" time="0.000" /><testcase classname="tests.test_iteration95_search_phone.TestPhoneValidator" name="test_non_digit_raises" time="0.000" /><testcase classname="tests.test_iteration95_search_phone.TestFinalRejectCampaign" name="test_notify_rejected_wires_final_reject" time="0.082" /><testcase classname="tests.test_iteration95_search_phone.TestFinalRejectCampaign" name="test_notify_rejected_with_reason_uses_reject_campaign" time="0.002" /></testsuite></testsuites>