<?xml version="1.0" encoding="utf-8"?><testsuites name="pytest tests"><testsuite name="pytest" errors="0" failures="0" skipped="0" tests="13" time="3.951" timestamp="2026-04-16T06:53:34.884893+00:00" hostname="agent-env-16039ee8-3553-4bac-b658-381702f7d9fe"><testcase classname="backend.tests.test_bulk_upload.TestBulkUploadAPI" name="test_bulk_status_endpoint_returns_all_types" time="0.225" /><testcase classname="backend.tests.test_bulk_upload.TestBulkUploadAPI" name="test_bulk_upload_naukri_accepts_csv" time="0.219" /><testcase classname="backend.tests.test_bulk_upload.TestBulkUploadAPI" name="test_bulk_upload_naukri_rejects_invalid_type" time="0.165" /><testcase classname="backend.tests.test_bulk_upload.TestBulkUploadAPI" name="test_bulk_upload_pipeline_accepts_csv" time="0.208" /><testcase classname="backend.tests.test_bulk_upload.TestBulkUploadAPI" name="test_bulk_upload_score_accepts_csv" time="0.196" /><testcase classname="backend.tests.test_bulk_upload.TestBulkUploadAPI" name="test_delete_pending_file" time="0.296" /><testcase classname="backend.tests.test_bulk_upload.TestBulkUploadAPI" name="test_delete_nonexistent_file_returns_404" time="0.145" /><testcase classname="backend.tests.test_bulk_upload.TestBulkUploadAPI" name="test_process_now_endpoint" time="1.327" /><testcase classname="backend.tests.test_bulk_upload.TestBulkUploadAPI" name="test_bulk_upload_multiple_files" time="0.243" /><testcase classname="backend.tests.test_bulk_upload.TestBulkUploadAPI" name="test_bulk_upload_requires_auth" time="0.252" /><testcase classname="backend.tests.test_bulk_upload.TestExistingSingleUploadStillWorks" name="test_single_naukri_upload_still_works" time="0.223" /><testcase classname="backend.tests.test_bulk_upload.TestExistingSingleUploadStillWorks" name="test_single_pipeline_upload_still_works" time="0.242" /><testcase classname="backend.tests.test_bulk_upload.TestExistingSingleUploadStillWorks" name="test_single_scoresheet_upload_still_works" time="0.141" /></testsuite></testsuites>