<?xml version="1.0" encoding="utf-8"?><testsuites name="pytest tests"><testsuite name="pytest" errors="0" failures="0" skipped="0" tests="7" time="0.871" timestamp="2026-04-10T07:37:34.053567+00:00" hostname="agent-env-16039ee8-3553-4bac-b658-381702f7d9fe"><testcase classname="backend.tests.test_iteration13_scoresheet_summary.TestAuth" name="test_login_success" time="0.118" /><testcase classname="backend.tests.test_iteration13_scoresheet_summary.TestStatusEndpoint" name="test_status_includes_score_sheet_count" time="0.153" /><testcase classname="backend.tests.test_iteration13_scoresheet_summary.TestSummaryEndpoint" name="test_summary_includes_naukri_columns" time="0.141" /><testcase classname="backend.tests.test_iteration13_scoresheet_summary.TestRoleDrilldownScoreColumns" name="test_role_returns_19_columns" time="0.138" /><testcase classname="backend.tests.test_iteration13_scoresheet_summary.TestRoleDrilldownScoreColumns" name="test_rishi_attended_has_scores" time="0.044" /><testcase classname="backend.tests.test_iteration13_scoresheet_summary.TestRoleDrilldownScoreColumns" name="test_non_attended_show_dash" time="0.044" /><testcase classname="backend.tests.test_iteration13_scoresheet_summary.TestScoreSheetUpload" name="test_scoresheet_upload_endpoint_exists" time="0.167" /></testsuite></testsuites>