<?xml version="1.0" encoding="utf-8"?><testsuites name="pytest tests"><testsuite name="pytest" errors="0" failures="0" skipped="0" tests="19" time="13.199" timestamp="2026-04-20T07:36:52.478487+00:00" hostname="agent-env-16039ee8-3553-4bac-b658-381702f7d9fe"><testcase classname="backend.tests.test_iteration22_bulk_upload_queue.TestBulkUploadEndpoints" name="test_bulk_upload_status_endpoint_exists" time="0.224" /><testcase classname="backend.tests.test_iteration22_bulk_upload_queue.TestBulkUploadEndpoints" name="test_bulk_upload_status_requires_auth" time="0.139" /><testcase classname="backend.tests.test_iteration22_bulk_upload_queue.TestBulkUploadEndpoints" name="test_process_now_endpoint_exists" time="0.042" /><testcase classname="backend.tests.test_iteration22_bulk_upload_queue.TestBulkUploadEndpoints" name="test_upload_naukri_file_creates_queue_record" time="1.130" /><testcase classname="backend.tests.test_iteration22_bulk_upload_queue.TestBulkUploadEndpoints" name="test_upload_invalid_type_returns_400" time="0.042" /><testcase classname="backend.tests.test_iteration22_bulk_upload_queue.TestBulkUploadEndpoints" name="test_upload_pipeline_file" time="0.043" /><testcase classname="backend.tests.test_iteration22_bulk_upload_queue.TestBulkUploadEndpoints" name="test_upload_score_file" time="0.044" /><testcase classname="backend.tests.test_iteration22_bulk_upload_queue.TestBulkUploadDelete" name="test_delete_pending_file" time="0.670" /><testcase classname="backend.tests.test_iteration22_bulk_upload_queue.TestBulkUploadDelete" name="test_delete_invalid_queue_id_returns_400" time="0.043" /><testcase classname="backend.tests.test_iteration22_bulk_upload_queue.TestBulkUploadDelete" name="test_delete_nonexistent_queue_id_returns_404" time="0.043" /><testcase classname="backend.tests.test_iteration22_bulk_upload_queue.TestBackgroundWorkerProcessing" name="test_file_processing_completes" time="2.133" /><testcase classname="backend.tests.test_iteration22_bulk_upload_queue.TestBackgroundWorkerProcessing" name="test_processed_file_has_result" time="0.086" /><testcase classname="backend.tests.test_iteration22_bulk_upload_queue.TestExistingEndpointsStillWork" name="test_summary_endpoint" time="0.047" /><testcase classname="backend.tests.test_iteration22_bulk_upload_queue.TestExistingEndpointsStillWork" name="test_applicants_endpoint" time="0.053" /><testcase classname="backend.tests.test_iteration22_bulk_upload_queue.TestExistingEndpointsStillWork" name="test_attended_endpoint" time="0.048" /><testcase classname="backend.tests.test_iteration22_bulk_upload_queue.TestExistingEndpointsStillWork" name="test_job_roles_endpoint" time="0.043" /><testcase classname="backend.tests.test_iteration22_bulk_upload_queue.TestExistingEndpointsStillWork" name="test_direct_upload_naukri_still_works" time="0.134" /><testcase classname="backend.tests.test_iteration22_bulk_upload_queue.TestFailedFileHandling" name="test_invalid_file_shows_error" time="8.101" /><testcase classname="backend.tests.test_iteration22_bulk_upload_queue.TestCleanup" name="test_cleanup_test_data" time="0.043" /></testsuite></testsuites>