<?xml version="1.0" encoding="utf-8"?><testsuites name="pytest tests"><testsuite name="pytest" errors="0" failures="0" skipped="0" tests="18" time="9.540" timestamp="2026-04-28T10:23:05.273290+00:00" hostname="agent-env-16039ee8-3553-4bac-b658-381702f7d9fe"><testcase classname="tests.test_iteration26_messaging_workers.TestLogin" name="test_login_admin_user" time="0.208" /><testcase classname="tests.test_iteration26_messaging_workers.TestExistingEndpoints" name="test_summary_endpoint" time="3.242" /><testcase classname="tests.test_iteration26_messaging_workers.TestExistingEndpoints" name="test_applicants_endpoint" time="0.162" /><testcase classname="tests.test_iteration26_messaging_workers.TestExistingEndpoints" name="test_attended_endpoint" time="0.210" /><testcase classname="tests.test_iteration26_messaging_workers.TestExistingEndpoints" name="test_job_roles_endpoint" time="0.150" /><testcase classname="tests.test_iteration26_messaging_workers.TestExistingEndpoints" name="test_bulk_upload_status_endpoint" time="0.148" /><testcase classname="tests.test_iteration26_messaging_workers.TestBBEndpoints" name="test_bb_holidays" time="0.146" /><testcase classname="tests.test_iteration26_messaging_workers.TestBBEndpoints" name="test_bb_job_roles" time="0.156" /><testcase classname="tests.test_iteration26_messaging_workers.TestBBEndpoints" name="test_bb_hiring_forms" time="0.168" /><testcase classname="tests.test_iteration26_messaging_workers.TestBBEndpoints" name="test_bb_verify_otp_invalid" time="0.169" /><testcase classname="tests.test_iteration26_messaging_workers.TestBBEndpoints" name="test_bb_verify_otp_empty" time="0.172" /><testcase classname="tests.test_iteration26_messaging_workers.TestPublicRegistrationFlow" name="test_full_registration_flow" time="3.374" /><testcase classname="tests.test_iteration26_messaging_workers.TestPublicFormNotFound" name="test_pub_form_invalid_id" time="0.105" /><testcase classname="tests.test_iteration26_messaging_workers.TestIdempotencyFlags" name="test_registration_creates_idempotency_fields" time="0.392" /><testcase classname="tests.test_iteration26_messaging_workers.TestBBAttendedForScores" name="test_attended_for_scores" time="0.158" /><testcase classname="tests.test_iteration26_messaging_workers.TestBBAttendedForScores" name="test_attended_for_scores_with_dates" time="0.164" /><testcase classname="tests.test_iteration26_messaging_workers.TestBBRounds" name="test_bb_rounds" time="0.146" /><testcase classname="tests.test_iteration26_messaging_workers.TestBBInterviewReports" name="test_bb_interview_reports" time="0.158" /></testsuite></testsuites>