<?xml version="1.0" encoding="utf-8"?><testsuites name="pytest tests"><testsuite name="pytest" errors="0" failures="0" skipped="0" tests="19" time="4.317" timestamp="2026-04-17T05:37:15.226787+00:00" hostname="agent-env-16039ee8-3553-4bac-b658-381702f7d9fe"><testcase classname="backend.tests.test_iteration19_job_keyword_mappings.TestJobKeywordMappingsCRUD" name="test_list_mappings_returns_200" time="0.232" /><testcase classname="backend.tests.test_iteration19_job_keyword_mappings.TestJobKeywordMappingsCRUD" name="test_list_mappings_requires_auth" time="0.311" /><testcase classname="backend.tests.test_iteration19_job_keyword_mappings.TestJobKeywordMappingsCRUD" name="test_create_mapping_success" time="0.332" /><testcase classname="backend.tests.test_iteration19_job_keyword_mappings.TestJobKeywordMappingsCRUD" name="test_create_mapping_requires_auth" time="0.266" /><testcase classname="backend.tests.test_iteration19_job_keyword_mappings.TestJobKeywordMappingsCRUD" name="test_update_mapping_success" time="0.349" /><testcase classname="backend.tests.test_iteration19_job_keyword_mappings.TestJobKeywordMappingsCRUD" name="test_update_mapping_not_found" time="0.202" /><testcase classname="backend.tests.test_iteration19_job_keyword_mappings.TestJobKeywordMappingsCRUD" name="test_update_mapping_invalid_id" time="0.197" /><testcase classname="backend.tests.test_iteration19_job_keyword_mappings.TestJobKeywordMappingsCRUD" name="test_delete_mapping_success" time="0.354" /><testcase classname="backend.tests.test_iteration19_job_keyword_mappings.TestJobKeywordMappingsCRUD" name="test_delete_mapping_not_found" time="0.203" /><testcase classname="backend.tests.test_iteration19_job_keyword_mappings.TestJobKeywordMappingsCRUD" name="test_delete_mapping_requires_auth" time="0.254" /><testcase classname="backend.tests.test_iteration19_job_keyword_mappings.TestJobRoleNormalization" name="test_job_roles_endpoint_returns_normalized_roles" time="0.154" /><testcase classname="backend.tests.test_iteration19_job_keyword_mappings.TestJobRoleNormalization" name="test_summary_endpoint_returns_normalized_roles" time="0.171" /><testcase classname="backend.tests.test_iteration19_job_keyword_mappings.TestJobRoleNormalization" name="test_applicants_endpoint_returns_normalized_job_role" time="0.151" /><testcase classname="backend.tests.test_iteration19_job_keyword_mappings.TestJobRoleNormalization" name="test_attended_endpoint_returns_normalized_job_role" time="0.151" /><testcase classname="backend.tests.test_iteration19_job_keyword_mappings.TestJobRoleNormalization" name="test_applicants_filter_by_normalized_job_role" time="0.200" /><testcase classname="backend.tests.test_iteration19_job_keyword_mappings.TestJobRoleNormalization" name="test_attended_filter_by_normalized_job_role" time="0.191" /><testcase classname="backend.tests.test_iteration19_job_keyword_mappings.TestEmptyStateTableHeaders" name="test_applicants_with_nonexistent_filter_returns_empty_data" time="0.144" /><testcase classname="backend.tests.test_iteration19_job_keyword_mappings.TestEmptyStateTableHeaders" name="test_attended_with_nonexistent_filter_returns_empty_data" time="0.161" /><testcase classname="backend.tests.test_iteration19_job_keyword_mappings.TestEmptyStateTableHeaders" name="test_summary_with_nonexistent_search_returns_empty_data" time="0.210" /></testsuite></testsuites>