<?xml version="1.0" encoding="utf-8"?><testsuites name="pytest tests"><testsuite name="pytest" errors="0" failures="0" skipped="0" tests="14" time="137.305" timestamp="2026-05-05T07:11:17.637331+00:00" hostname="agent-env-16039ee8-3553-4bac-b658-381702f7d9fe"><testcase classname="backend.tests.test_iteration33_import_export.TestExport" name="test_export_xlsx_status_and_headers" time="32.118" /><testcase classname="backend.tests.test_iteration33_import_export.TestExport" name="test_export_csv" time="24.960" /><testcase classname="backend.tests.test_iteration33_import_export.TestExport" name="test_export_filter_date_range" time="42.444" /><testcase classname="backend.tests.test_iteration33_import_export.TestExport" name="test_export_invalid_format_returns_422" time="0.082" /><testcase classname="backend.tests.test_iteration33_import_export.TestImportPreview" name="test_preview_valid_xlsx_with_round_cols" time="0.055" /><testcase classname="backend.tests.test_iteration33_import_export.TestImportPreview" name="test_preview_missing_required_column" time="0.058" /><testcase classname="backend.tests.test_iteration33_import_export.TestImportPreview" name="test_preview_csv" time="0.044" /><testcase classname="backend.tests.test_iteration33_import_export.TestImportPreview" name="test_preview_invalid_score_adds_error_row_returns_200" time="0.057" /><testcase classname="backend.tests.test_iteration33_import_export.TestImportConfirm" name="test_confirm_persists_and_flags" time="3.204" /><testcase classname="backend.tests.test_iteration33_import_export.TestImportConfirm" name="test_confirm_upsert_no_duplicate" time="3.252" /><testcase classname="backend.tests.test_iteration33_import_export.TestRoundTrip" name="test_export_xlsx_then_preview" time="25.467" /><testcase classname="backend.tests.test_iteration33_import_export.TestWorkerAndMessaging" name="test_worker_log_present" time="0.001" /><testcase classname="backend.tests.test_iteration33_import_export.TestWorkerAndMessaging" name="test_worker_query_finds_imported_rejected" time="2.788" /><testcase classname="backend.tests.test_iteration33_import_export.TestWorkerAndMessaging" name="test_notify_rejected_test_mode" time="2.498" /></testsuite></testsuites>