<?xml version="1.0" encoding="utf-8"?><testsuites name="pytest tests"><testsuite name="pytest" errors="0" failures="0" skipped="0" tests="14" time="30.420" timestamp="2026-05-04T16:56:03.325932+00:00" hostname="agent-env-16039ee8-3553-4bac-b658-381702f7d9fe"><testcase classname="backend.tests.test_iteration28_classification_otp.TestAuth" name="test_login_returns_cookie" time="0.163" /><testcase classname="backend.tests.test_iteration28_classification_otp.TestClassification" name="test_classification_shape_and_counts" time="3.782" /><testcase classname="backend.tests.test_iteration28_classification_otp.TestDrillDowns" name="test_registered_endpoint" time="1.019" /><testcase classname="backend.tests.test_iteration28_classification_otp.TestDrillDowns" name="test_unregistered_endpoint" time="0.888" /><testcase classname="backend.tests.test_iteration28_classification_otp.TestIsTestSafety" name="test_registered_excludes_isTest" time="4.187" /><testcase classname="backend.tests.test_iteration28_classification_otp.TestIsTestSafety" name="test_unregistered_excludes_isTest" time="4.683" /><testcase classname="backend.tests.test_iteration28_classification_otp.TestSummaryExtended" name="test_summary_has_new_fields" time="2.205" /><testcase classname="backend.tests.test_iteration28_classification_otp.TestRegressionIter27" name="test_applicants_basic" time="0.980" /><testcase classname="backend.tests.test_iteration28_classification_otp.TestRegressionIter27" name="test_applicants_nirf_filter" time="0.616" /><testcase classname="backend.tests.test_iteration28_classification_otp.TestRegressionIter27" name="test_applicants_pagination_distinct" time="1.162" /><testcase classname="backend.tests.test_iteration28_classification_otp.TestRegressionIter27" name="test_applicants_job_role_filter" time="0.904" /><testcase classname="backend.tests.test_iteration28_classification_otp.TestRegressionIter27" name="test_job_roles" time="0.310" /><testcase classname="backend.tests.test_iteration28_classification_otp.TestRegressionIter27" name="test_attended" time="3.180" /><testcase classname="backend.tests.test_iteration28_classification_otp.TestOtpWorkerCamelCase" name="test_otp_worker_writes_camelcase_aliases" time="6.205" /></testsuite></testsuites>