<?xml version="1.0" encoding="utf-8"?><testsuites name="pytest tests"><testsuite name="pytest" errors="0" failures="0" skipped="0" tests="11" time="21.830" timestamp="2026-05-05T14:03:13.378482+00:00" hostname="agent-env-16039ee8-3553-4bac-b658-381702f7d9fe"><testcase classname="backend.tests.test_iteration36_sorting.TestApplicantsSort" name="test_sort_by_name_asc" time="5.038" /><testcase classname="backend.tests.test_iteration36_sorting.TestApplicantsSort" name="test_sort_by_name_desc" time="2.205" /><testcase classname="backend.tests.test_iteration36_sorting.TestApplicantsSort" name="test_sort_by_email_desc" time="0.865" /><testcase classname="backend.tests.test_iteration36_sorting.TestApplicantsSort" name="test_invalid_sort_by_falls_back" time="2.247" /><testcase classname="backend.tests.test_iteration36_sorting.TestAttendedSort" name="test_sort_by_schedule_date_desc" time="4.729" /><testcase classname="backend.tests.test_iteration36_sorting.TestRoleSort" name="test_sort_by_name_desc" time="1.731" /><testcase classname="backend.tests.test_iteration36_sorting.TestBBInterviewReportsSort" name="test_sort_by_name_asc" time="1.028" /><testcase classname="backend.tests.test_iteration36_sorting.TestBBInterviewReportsSort" name="test_invalid_sort_by_falls_back" time="1.028" /><testcase classname="backend.tests.test_iteration36_sorting.TestBBAttendedForScoresSort" name="test_sort_by_schedule_date_asc" time="0.772" /><testcase classname="backend.tests.test_iteration36_sorting.TestBBAttendedForScoresSort" name="test_sort_by_name_desc" time="0.769" /><testcase classname="backend.tests.test_iteration36_sorting.TestRegressionWithSort" name="test_pagination_with_sort" time="1.337" /></testsuite></testsuites>