<?xml version="1.0" encoding="utf-8"?><testsuites name="pytest tests"><testsuite name="pytest" errors="0" failures="0" skipped="0" tests="20" time="6.702" timestamp="2026-04-08T07:54:16.703560+00:00" hostname="agent-env-10df5ba8-becc-455d-b48d-90642df6ef61"><testcase classname="backend.tests.test_schema_refactor.TestHealthAndAuth" name="test_api_health" time="0.200" /><testcase classname="backend.tests.test_schema_refactor.TestHealthAndAuth" name="test_login_with_admin_credentials" time="0.119" /><testcase classname="backend.tests.test_schema_refactor.TestHealthAndAuth" name="test_login_invalid_credentials" time="0.100" /><testcase classname="backend.tests.test_schema_refactor.TestNaukriUpload" name="test_upload_naukri_csv" time="0.224" /><testcase classname="backend.tests.test_schema_refactor.TestNaukriUpload" name="test_naukri_upsert_logic" time="0.330" /><testcase classname="backend.tests.test_schema_refactor.TestPipelineUpload" name="test_upload_pipeline_csv" time="0.210" /><testcase classname="backend.tests.test_schema_refactor.TestPipelineUpload" name="test_pipeline_upsert_logic" time="0.302" /><testcase classname="backend.tests.test_schema_refactor.TestDashboardCounts" name="test_dashboard_counts_structure" time="0.386" /><testcase classname="backend.tests.test_schema_refactor.TestDashboardCounts" name="test_expected_counts" time="0.366" /><testcase classname="backend.tests.test_schema_refactor.TestDashboardCounts" name="test_relational_integrity_partitions" time="0.375" /><testcase classname="backend.tests.test_schema_refactor.TestDataEndpoints" name="test_rejected_endpoint_has_confirm_box" time="0.415" /><testcase classname="backend.tests.test_schema_refactor.TestDataEndpoints" name="test_not_scheduled_endpoint_has_confirm_box" time="0.381" /><testcase classname="backend.tests.test_schema_refactor.TestDataEndpoints" name="test_not_scheduled_diana_location" time="0.445" /><testcase classname="backend.tests.test_schema_refactor.TestDataEndpoints" name="test_not_scheduled_eve_location" time="0.476" /><testcase classname="backend.tests.test_schema_refactor.TestDataEndpoints" name="test_unregistered_returns_correct_candidates" time="0.379" /><testcase classname="backend.tests.test_schema_refactor.TestDataEndpoints" name="test_attended_returns_correct_candidates" time="0.361" /><testcase classname="backend.tests.test_schema_refactor.TestDataEndpoints" name="test_rejected_returns_correct_candidates" time="0.395" /><testcase classname="backend.tests.test_schema_refactor.TestAuthRequired" name="test_dashboard_counts_requires_auth" time="0.116" /><testcase classname="backend.tests.test_schema_refactor.TestAuthRequired" name="test_data_endpoints_require_auth" time="0.773" /><testcase classname="backend.tests.test_schema_refactor.TestAuthRequired" name="test_upload_endpoints_require_auth" time="0.204" /></testsuite></testsuites>