<?xml version="1.0" encoding="utf-8"?><testsuites name="pytest tests"><testsuite name="pytest" errors="0" failures="0" skipped="0" tests="24" time="1.918" timestamp="2026-04-17T07:44:56.241267+00:00" hostname="agent-env-16039ee8-3553-4bac-b658-381702f7d9fe"><testcase classname="backend.tests.test_iteration20_college_matching.TestCollegeRankUpload" name="test_upload_college_rank_with_multiple_campuses" time="0.339" /><testcase classname="backend.tests.test_iteration20_college_matching.TestCollegeRankUpload" name="test_upload_college_rank_missing_column" time="0.050" /><testcase classname="backend.tests.test_iteration20_college_matching.TestCollegeRankUpload" name="test_upload_college_rank_requires_auth" time="0.101" /><testcase classname="backend.tests.test_iteration20_college_matching.TestApplicantsCollegeFields" name="test_applicants_returns_college_status_field" time="0.051" /><testcase classname="backend.tests.test_iteration20_college_matching.TestApplicantsCollegeFields" name="test_applicants_returns_college_field" time="0.049" /><testcase classname="backend.tests.test_iteration20_college_matching.TestApplicantsCollegeFields" name="test_applicants_returns_match_confidence_field" time="0.051" /><testcase classname="backend.tests.test_iteration20_college_matching.TestApplicantsCollegeFields" name="test_applicants_filter_by_nirf" time="0.050" /><testcase classname="backend.tests.test_iteration20_college_matching.TestApplicantsCollegeFields" name="test_applicants_filter_by_non_nirf" time="0.051" /><testcase classname="backend.tests.test_iteration20_college_matching.TestAttendedCollegeFields" name="test_attended_returns_college_status_field" time="0.049" /><testcase classname="backend.tests.test_iteration20_college_matching.TestAttendedCollegeFields" name="test_attended_returns_college_field" time="0.048" /><testcase classname="backend.tests.test_iteration20_college_matching.TestAttendedCollegeFields" name="test_attended_returns_match_confidence_field" time="0.086" /><testcase classname="backend.tests.test_iteration20_college_matching.TestAttendedCollegeFields" name="test_attended_filter_by_nirf" time="0.051" /><testcase classname="backend.tests.test_iteration20_college_matching.TestAttendedCollegeFields" name="test_attended_filter_by_non_nirf" time="0.048" /><testcase classname="backend.tests.test_iteration20_college_matching.TestSummaryNirfSplit" name="test_summary_returns_nirf_split_rows" time="0.049" /><testcase classname="backend.tests.test_iteration20_college_matching.TestSummaryNirfSplit" name="test_summary_has_expected_columns" time="0.046" /><testcase classname="backend.tests.test_iteration20_college_matching.TestNirfThreshold" name="test_nirf_threshold_via_upload" time="0.049" /><testcase classname="backend.tests.test_iteration20_college_matching.TestAllEndpointsReturn200" name="test_summary_returns_200" time="0.049" /><testcase classname="backend.tests.test_iteration20_college_matching.TestAllEndpointsReturn200" name="test_applicants_returns_200" time="0.051" /><testcase classname="backend.tests.test_iteration20_college_matching.TestAllEndpointsReturn200" name="test_attended_returns_200" time="0.049" /><testcase classname="backend.tests.test_iteration20_college_matching.TestAllEndpointsReturn200" name="test_job_roles_returns_200" time="0.049" /><testcase classname="backend.tests.test_iteration20_college_matching.TestEndpointAuthentication" name="test_applicants_requires_auth" time="0.098" /><testcase classname="backend.tests.test_iteration20_college_matching.TestEndpointAuthentication" name="test_attended_requires_auth" time="0.108" /><testcase classname="backend.tests.test_iteration20_college_matching.TestEndpointAuthentication" name="test_summary_requires_auth" time="0.108" /><testcase classname="backend.tests.test_iteration20_college_matching.TestEndpointAuthentication" name="test_job_roles_requires_auth" time="0.122" /></testsuite></testsuites>