<?xml version="1.0" encoding="utf-8"?><testsuites name="pytest tests"><testsuite name="pytest" errors="0" failures="0" skipped="0" tests="7" time="12.575" timestamp="2026-05-04T18:13:01.125967+00:00" hostname="agent-env-16039ee8-3553-4bac-b658-381702f7d9fe"><testcase classname="tests.test_iteration30_cutoff_pagination.TestInterviewReportsPagination" name="test_last_page_returns_data" time="2.649" /><testcase classname="tests.test_iteration30_cutoff_pagination.TestInterviewReportsPagination" name="test_beyond_last_page_empty_200" time="2.302" /><testcase classname="tests.test_iteration30_cutoff_pagination.TestInterviewReportsPagination" name="test_response_under_10s" time="1.677" /><testcase classname="tests.test_iteration30_cutoff_pagination.TestAttendedForScoresPagination" name="test_basic_contract" time="1.296" /><testcase classname="tests.test_iteration30_cutoff_pagination.TestAttendedForScoresPagination" name="test_distinct_rows_across_pages" time="2.585" /><testcase classname="tests.test_iteration30_cutoff_pagination.TestRegression" name="test_classification_unchanged" time="1.342" /><testcase classname="tests.test_iteration30_cutoff_pagination.TestRegression" name="test_applicants_pagination" time="0.582" /></testsuite></testsuites>