<?xml version="1.0" encoding="utf-8"?><testsuites name="pytest tests"><testsuite name="pytest" errors="0" failures="0" skipped="0" tests="18" time="27.101" timestamp="2026-05-04T13:05:07.961790+00:00" hostname="agent-env-16039ee8-3553-4bac-b658-381702f7d9fe"><testcase classname="tests.test_iteration27_perf_regression.TestAuth" name="test_login_admin_user" time="4.118" /><testcase classname="tests.test_iteration27_perf_regression.TestSummary" name="test_summary_basic_and_perf" time="1.825" /><testcase classname="tests.test_iteration27_perf_regression.TestSummary" name="test_summary_with_date_range" time="0.910" /><testcase classname="tests.test_iteration27_perf_regression.TestSummary" name="test_summary_with_search_AI" time="0.950" /><testcase classname="tests.test_iteration27_perf_regression.TestApplicants" name="test_applicants_page1_limit100" time="1.204" /><testcase classname="tests.test_iteration27_perf_regression.TestApplicants" name="test_applicants_filter_nirf" time="0.757" /><testcase classname="tests.test_iteration27_perf_regression.TestApplicants" name="test_applicants_filter_non_nirf" time="0.749" /><testcase classname="tests.test_iteration27_perf_regression.TestApplicants" name="test_applicants_filter_jobrole" time="1.066" /><testcase classname="tests.test_iteration27_perf_regression.TestApplicants" name="test_applicants_search_email" time="1.333" /><testcase classname="tests.test_iteration27_perf_regression.TestApplicants" name="test_applicants_pagination" time="1.525" /><testcase classname="tests.test_iteration27_perf_regression.TestJobRoles" name="test_job_roles_list_and_sorted" time="0.312" /><testcase classname="tests.test_iteration27_perf_regression.TestAttended" name="test_attended_basic" time="5.095" /><testcase classname="tests.test_iteration27_perf_regression.TestAttended" name="test_attended_filter_nirf" time="5.131" /><testcase classname="tests.test_iteration27_perf_regression.TestAttendedRoles" name="test_attended_roles_list" time="0.306" /><testcase classname="tests.test_iteration27_perf_regression.TestRoleNotRefactored" name="test_role_endpoint_still_works" time="0.873" /><testcase classname="tests.test_iteration27_perf_regression.TestSmoke" name="test_bb_endpoints[/bb/holidays]" time="0.286" /><testcase classname="tests.test_iteration27_perf_regression.TestSmoke" name="test_bb_endpoints[/bb/job-roles]" time="0.282" /><testcase classname="tests.test_iteration27_perf_regression.TestSmoke" name="test_bb_endpoints[/bb/hiring-forms]" time="0.285" /></testsuite></testsuites>