<?xml version="1.0" encoding="utf-8"?><testsuites name="pytest tests"><testsuite name="pytest" errors="0" failures="0" skipped="0" tests="10" time="1.042" timestamp="2026-04-10T09:16:02.270460+00:00" hostname="agent-env-16039ee8-3553-4bac-b658-381702f7d9fe"><testcase classname="backend.tests.test_iteration14_date_filtering.TestDataStatus" name="test_status_counts" time="0.283" /><testcase classname="backend.tests.test_iteration14_date_filtering.TestDataStatus" name="test_dates_in_iso_format" time="0.048" /><testcase classname="backend.tests.test_iteration14_date_filtering.TestSummaryDateFiltering" name="test_summary_no_filter_returns_all" time="0.048" /><testcase classname="backend.tests.test_iteration14_date_filtering.TestSummaryDateFiltering" name="test_summary_date_range_23_to_25" time="0.058" /><testcase classname="backend.tests.test_iteration14_date_filtering.TestSummaryDateFiltering" name="test_summary_single_date_24" time="0.050" /><testcase classname="backend.tests.test_iteration14_date_filtering.TestSummaryDateFiltering" name="test_summary_no_results_2020" time="0.047" /><testcase classname="backend.tests.test_iteration14_date_filtering.TestRoleDateFiltering" name="test_role_no_filter_returns_all" time="0.045" /><testcase classname="backend.tests.test_iteration14_date_filtering.TestRoleDateFiltering" name="test_role_date_range_24_to_26" time="0.046" /><testcase classname="backend.tests.test_iteration14_date_filtering.TestRoleDateFiltering" name="test_role_single_date_25" time="0.052" /><testcase classname="backend.tests.test_iteration14_date_filtering.TestReprocessEndpoint" name="test_reprocess_normalizes_dates" time="0.176" /></testsuite></testsuites>