<?xml version="1.0" encoding="utf-8"?><testsuites name="pytest tests"><testsuite name="pytest" errors="0" failures="0" skipped="0" tests="16" time="1.474" timestamp="2026-04-16T13:17:33.198203+00:00" hostname="agent-env-16039ee8-3553-4bac-b658-381702f7d9fe"><testcase classname="backend.tests.test_iteration18_college_rank.TestCollegeRankUpload" name="test_upload_college_rank_csv" time="0.208" /><testcase classname="backend.tests.test_iteration18_college_rank.TestCollegeRankUpload" name="test_upload_college_rank_missing_column" time="0.052" /><testcase classname="backend.tests.test_iteration18_college_rank.TestCollegeRankUpload" name="test_upload_college_rank_requires_auth" time="0.108" /><testcase classname="backend.tests.test_iteration18_college_rank.TestApplicantsCollegeStatus" name="test_applicants_returns_college_status_field" time="0.053" /><testcase classname="backend.tests.test_iteration18_college_rank.TestApplicantsCollegeStatus" name="test_applicants_filter_by_nirf" time="0.060" /><testcase classname="backend.tests.test_iteration18_college_rank.TestApplicantsCollegeStatus" name="test_applicants_filter_by_non_nirf" time="0.057" /><testcase classname="backend.tests.test_iteration18_college_rank.TestApplicantsCollegeStatus" name="test_applicants_filter_by_non_nirf_101_150" time="0.052" /><testcase classname="backend.tests.test_iteration18_college_rank.TestAttendedCollegeStatus" name="test_attended_returns_college_status_field" time="0.052" /><testcase classname="backend.tests.test_iteration18_college_rank.TestAttendedCollegeStatus" name="test_attended_filter_by_nirf" time="0.050" /><testcase classname="backend.tests.test_iteration18_college_rank.TestAttendedCollegeStatus" name="test_attended_filter_by_non_nirf" time="0.049" /><testcase classname="backend.tests.test_iteration18_college_rank.TestSummaryNirfSplit" name="test_summary_returns_nirf_split_rows" time="0.121" /><testcase classname="backend.tests.test_iteration18_college_rank.TestSummaryNirfSplit" name="test_summary_has_expected_columns" time="0.124" /><testcase classname="backend.tests.test_iteration18_college_rank.TestCollegeStatusClassification" name="test_classification_logic_via_upload_and_query" time="0.068" /><testcase classname="backend.tests.test_iteration18_college_rank.TestEndpointAuthentication" name="test_applicants_requires_auth" time="0.138" /><testcase classname="backend.tests.test_iteration18_college_rank.TestEndpointAuthentication" name="test_attended_requires_auth" time="0.101" /><testcase classname="backend.tests.test_iteration18_college_rank.TestEndpointAuthentication" name="test_summary_requires_auth" time="0.113" /></testsuite></testsuites>