<?xml version="1.0" encoding="utf-8"?><testsuites name="pytest tests"><testsuite name="pytest" errors="0" failures="0" skipped="0" tests="14" time="1.321" timestamp="2026-04-09T13:49:07.521514+00:00" hostname="agent-env-16039ee8-3553-4bac-b658-381702f7d9fe"><testcase classname="backend.tests.test_iteration10_matching_fix.TestMatchingLogicFix" name="test_login_success" time="0.300" /><testcase classname="backend.tests.test_iteration10_matching_fix.TestMatchingLogicFix" name="test_status_shows_all_8_registered" time="0.057" /><testcase classname="backend.tests.test_iteration10_matching_fix.TestMatchingLogicFix" name="test_debug_matching_all_8_matched" time="0.059" /><testcase classname="backend.tests.test_iteration10_matching_fix.TestMatchingLogicFix" name="test_debug_matching_details" time="0.058" /><testcase classname="backend.tests.test_iteration10_matching_fix.TestMatchingLogicFix" name="test_dashboard_counts_correct" time="0.057" /><testcase classname="backend.tests.test_iteration10_matching_fix.TestMatchingLogicFix" name="test_reprocess_endpoint" time="0.232" /><testcase classname="backend.tests.test_iteration10_matching_fix.TestMatchingLogicFix" name="test_role_software_developer" time="0.056" /><testcase classname="backend.tests.test_iteration10_matching_fix.TestMatchingLogicFix" name="test_role_data_analyst" time="0.066" /><testcase classname="backend.tests.test_iteration10_matching_fix.TestMatchingLogicFix" name="test_summary_funnel_stats" time="0.059" /><testcase classname="backend.tests.test_iteration10_matching_fix.TestMatchingLogicFix" name="test_job_roles_endpoint" time="0.052" /><testcase classname="backend.tests.test_iteration10_matching_fix.TestPhoneNormalization" name="test_normalize_phone_float_conversion" time="0.058" /><testcase classname="backend.tests.test_iteration10_matching_fix.TestPhoneNormalization" name="test_normalize_phone_country_code_stripped" time="0.056" /><testcase classname="backend.tests.test_iteration10_matching_fix.TestPhoneNormalization" name="test_normalize_phone_leading_zeros_stripped" time="0.058" /><testcase classname="backend.tests.test_iteration10_matching_fix.TestEmailNormalization" name="test_normalize_email_lowercase" time="0.060" /></testsuite></testsuites>