<?xml version="1.0" encoding="utf-8"?><testsuites name="pytest tests"><testsuite name="pytest" errors="0" failures="0" skipped="0" tests="16" time="5.096" timestamp="2026-04-17T09:44:28.979511+00:00" hostname="agent-env-16039ee8-3553-4bac-b658-381702f7d9fe"><testcase classname="backend.tests.test_iteration21_data_driven_mapping.TestDataDrivenMappingFlow" name="test_upload_naukri_extracts_job_titles" time="0.302" /><testcase classname="backend.tests.test_iteration21_data_driven_mapping.TestDataDrivenMappingFlow" name="test_get_unmatched_job_titles_returns_uploaded_titles" time="0.322" /><testcase classname="backend.tests.test_iteration21_data_driven_mapping.TestDataDrivenMappingFlow" name="test_unmatched_endpoint_requires_auth" time="0.290" /><testcase classname="backend.tests.test_iteration21_data_driven_mapping.TestDataDrivenMappingFlow" name="test_create_mapping_sets_is_mapped_true" time="0.436" /><testcase classname="backend.tests.test_iteration21_data_driven_mapping.TestDataDrivenMappingFlow" name="test_delete_mapping_releases_keywords" time="0.446" /><testcase classname="backend.tests.test_iteration21_data_driven_mapping.TestDataDrivenMappingFlow" name="test_update_mapping_handles_keyword_changes" time="0.524" /><testcase classname="backend.tests.test_iteration21_data_driven_mapping.TestDataDrivenMappingFlow" name="test_job_role_normalization_uses_exact_match" time="0.399" /><testcase classname="backend.tests.test_iteration21_data_driven_mapping.TestDataDrivenMappingFlow" name="test_job_roles_endpoint_uses_normalized_roles" time="0.194" /><testcase classname="backend.tests.test_iteration21_data_driven_mapping.TestDataDrivenMappingFlow" name="test_applicants_endpoint_uses_normalized_roles" time="0.201" /><testcase classname="backend.tests.test_iteration21_data_driven_mapping.TestDataDrivenMappingFlow" name="test_summary_endpoint_uses_normalized_roles" time="0.194" /><testcase classname="backend.tests.test_iteration21_data_driven_mapping.TestDataDrivenMappingFlow" name="test_all_existing_endpoints_return_200" time="0.497" /><testcase classname="backend.tests.test_iteration21_data_driven_mapping.TestDataDrivenMappingFlow" name="test_create_mapping_requires_at_least_one_keyword" time="0.220" /><testcase classname="backend.tests.test_iteration21_data_driven_mapping.TestDataDrivenMappingFlow" name="test_mapping_not_found_returns_404" time="0.196" /><testcase classname="backend.tests.test_iteration21_data_driven_mapping.TestDataDrivenMappingFlow" name="test_mapping_invalid_id_returns_400" time="0.222" /><testcase classname="backend.tests.test_iteration21_data_driven_mapping.TestMappingCRUDBasics" name="test_list_mappings" time="0.150" /><testcase classname="backend.tests.test_iteration21_data_driven_mapping.TestMappingCRUDBasics" name="test_create_update_delete_mapping" time="0.413" /></testsuite></testsuites>