<?xml version="1.0" encoding="utf-8"?><testsuites name="pytest tests"><testsuite name="pytest" errors="0" failures="0" skipped="0" tests="21" time="3.745" timestamp="2026-04-09T10:45:39.569623+00:00" hostname="agent-env-10df5ba8-becc-455d-b48d-90642df6ef61"><testcase classname="backend.tests.test_new_frontend_apis.TestHealthAndAuth" name="test_api_health" time="0.155" /><testcase classname="backend.tests.test_new_frontend_apis.TestHealthAndAuth" name="test_login_success" time="0.107" /><testcase classname="backend.tests.test_new_frontend_apis.TestHealthAndAuth" name="test_login_invalid_credentials" time="0.105" /><testcase classname="backend.tests.test_new_frontend_apis.TestHealthAndAuth" name="test_endpoints_require_auth" time="0.304" /><testcase classname="backend.tests.test_new_frontend_apis.TestSummaryEndpoint" name="test_summary_returns_data" time="0.150" /><testcase classname="backend.tests.test_new_frontend_apis.TestSummaryEndpoint" name="test_summary_has_7_roles" time="0.153" /><testcase classname="backend.tests.test_new_frontend_apis.TestSummaryEndpoint" name="test_summary_total_registered_is_7" time="0.137" /><testcase classname="backend.tests.test_new_frontend_apis.TestSummaryEndpoint" name="test_summary_row_structure" time="0.147" /><testcase classname="backend.tests.test_new_frontend_apis.TestSummaryEndpoint" name="test_summary_totals_match_expected" time="0.144" /><testcase classname="backend.tests.test_new_frontend_apis.TestSummaryEndpoint" name="test_summary_date_filter" time="0.146" /><testcase classname="backend.tests.test_new_frontend_apis.TestSummaryEndpoint" name="test_summary_search_filter_engineer" time="0.172" /><testcase classname="backend.tests.test_new_frontend_apis.TestJobRolesEndpoint" name="test_job_roles_returns_data" time="0.144" /><testcase classname="backend.tests.test_new_frontend_apis.TestJobRolesEndpoint" name="test_job_roles_has_7_roles" time="0.173" /><testcase classname="backend.tests.test_new_frontend_apis.TestJobRolesEndpoint" name="test_job_roles_structure" time="0.161" /><testcase classname="backend.tests.test_new_frontend_apis.TestJobRolesEndpoint" name="test_job_roles_total_count_is_7" time="0.185" /><testcase classname="backend.tests.test_new_frontend_apis.TestRoleAnalyticsEndpoint" name="test_role_analytics_software_engineer" time="0.154" /><testcase classname="backend.tests.test_new_frontend_apis.TestRoleAnalyticsEndpoint" name="test_role_analytics_has_funnel_columns" time="0.147" /><testcase classname="backend.tests.test_new_frontend_apis.TestRoleAnalyticsEndpoint" name="test_role_analytics_with_date_filter" time="0.151" /><testcase classname="backend.tests.test_new_frontend_apis.TestRoleAnalyticsEndpoint" name="test_role_analytics_nonexistent_role" time="0.143" /><testcase classname="backend.tests.test_new_frontend_apis.TestUploadEndpoints" name="test_upload_naukri_csv" time="0.350" /><testcase classname="backend.tests.test_new_frontend_apis.TestUploadEndpoints" name="test_upload_pipeline_csv" time="0.341" /></testsuite></testsuites>