<?xml version="1.0" encoding="utf-8"?><testsuites name="pytest tests"><testsuite name="pytest" errors="0" failures="0" skipped="0" tests="10" time="20.001" timestamp="2026-05-05T15:00:13.634213+00:00" hostname="agent-env-16039ee8-3553-4bac-b658-381702f7d9fe"><testcase classname="backend.tests.test_iteration37_export_fields.TestExportFieldsCatalog" name="test_export_fields_returns_sections" time="4.278" /><testcase classname="backend.tests.test_iteration37_export_fields.TestExportFieldsCatalog" name="test_missing_db_keys_omitted_from_catalog" time="1.364" /><testcase classname="backend.tests.test_iteration37_export_fields.TestExportFieldsCatalog" name="test_total_matching_is_int" time="1.374" /><testcase classname="backend.tests.test_iteration37_export_fields.TestExportSelective" name="test_export_with_4_fields_returns_4_columns" time="5.404" /><testcase classname="backend.tests.test_iteration37_export_fields.TestExportSelective" name="test_export_drops_bogus_field_silently" time="1.162" /><testcase classname="backend.tests.test_iteration37_export_fields.TestExportSelective" name="test_export_only_invalid_field_returns_400" time="0.065" /><testcase classname="backend.tests.test_iteration37_export_fields.TestExportSelective" name="test_export_empty_fields_param_falls_back_to_full_catalog" time="3.616" /><testcase classname="backend.tests.test_iteration37_export_fields.TestExportSelective" name="test_export_no_data_returns_404" time="0.553" /><testcase classname="backend.tests.test_iteration37_export_fields.TestRegressionInterviewReports" name="test_list_pagination_works" time="1.056" /><testcase classname="backend.tests.test_iteration37_export_fields.TestRegressionInterviewReports" name="test_list_sort_by_name_asc" time="1.043" /></testsuite></testsuites>