<?xml version="1.0" encoding="utf-8"?><testsuites name="pytest tests"><testsuite name="pytest" errors="0" failures="0" skipped="0" tests="12" time="24.065" timestamp="2026-05-04T17:24:05.587038+00:00" hostname="agent-env-16039ee8-3553-4bac-b658-381702f7d9fe"><testcase classname="backend.tests.test_iteration29_pagination.TestInterviewReports" name="test_basic_pagination" time="5.588" /><testcase classname="backend.tests.test_iteration29_pagination.TestInterviewReports" name="test_filter_premium_attended" time="1.104" /><testcase classname="backend.tests.test_iteration29_pagination.TestInterviewReports" name="test_filter_non_premium" time="1.174" /><testcase classname="backend.tests.test_iteration29_pagination.TestInterviewReports" name="test_filter_not_attended" time="1.170" /><testcase classname="backend.tests.test_iteration29_pagination.TestInterviewReports" name="test_filter_job_role" time="1.189" /><testcase classname="backend.tests.test_iteration29_pagination.TestInterviewReports" name="test_filter_date_range" time="1.115" /><testcase classname="backend.tests.test_iteration29_pagination.TestInterviewReports" name="test_distinct_pages" time="2.317" /><testcase classname="backend.tests.test_iteration29_pagination.TestInterviewReports" name="test_sort_desc_by_date" time="1.171" /><testcase classname="backend.tests.test_iteration29_pagination.TestAttendedForScores" name="test_basic_pagination" time="1.279" /><testcase classname="backend.tests.test_iteration29_pagination.TestAttendedForScores" name="test_distinct_pages" time="2.828" /><testcase classname="backend.tests.test_iteration29_pagination.TestAttendedForScores" name="test_date_filter" time="1.287" /><testcase classname="backend.tests.test_iteration29_pagination.TestApplicantScoreUpdate" name="test_put_still_works" time="3.751" /></testsuite></testsuites>