<?xml version="1.0" encoding="utf-8"?><testsuites name="pytest tests"><testsuite name="pytest" errors="0" failures="0" skipped="0" tests="14" time="27.385" timestamp="2026-05-05T06:22:03.957782+00:00" hostname="agent-env-16039ee8-3553-4bac-b658-381702f7d9fe"><testcase classname="backend.tests.test_iteration31_pipeline_summary.TestSummaryTopLevel" name="test_summary_top_level_counts" time="4.932" /><testcase classname="backend.tests.test_iteration31_pipeline_summary.TestSummaryTopLevel" name="test_per_row_sum_equals_top_level" time="1.321" /><testcase classname="backend.tests.test_iteration31_pipeline_summary.TestSummaryTopLevel" name="test_per_row_schema" time="1.318" /><testcase classname="backend.tests.test_iteration31_pipeline_summary.TestSummaryFilters" name="test_summary_date_filter_200" time="1.117" /><testcase classname="backend.tests.test_iteration31_pipeline_summary.TestSummaryFilters" name="test_summary_search_filter" time="1.271" /><testcase classname="backend.tests.test_iteration31_pipeline_summary.TestClassificationConsistency" name="test_classification_matches_summary" time="2.578" /><testcase classname="backend.tests.test_iteration31_pipeline_summary.TestClassificationConsistency" name="test_classification_absolute_counts" time="1.261" /><testcase classname="backend.tests.test_iteration31_pipeline_summary.TestApplicantsUnchanged" name="test_applicants_pagination_still_19913" time="0.573" /><testcase classname="backend.tests.test_iteration31_pipeline_summary.TestLegacyUnchanged" name="test_job_roles_200" time="0.308" /><testcase classname="backend.tests.test_iteration31_pipeline_summary.TestLegacyUnchanged" name="test_attended_200" time="1.314" /><testcase classname="backend.tests.test_iteration31_pipeline_summary.TestFunnelSanity" name="test_largest_role_funnel_monotonic" time="1.314" /><testcase classname="backend.tests.test_iteration31_pipeline_summary" name="test_collection_counts_unchanged" time="2.978" /><testcase classname="backend.tests.test_iteration31_pipeline_summary" name="test_pipeline_derived_fields_backfilled" time="4.418" /><testcase classname="backend.tests.test_iteration31_pipeline_summary" name="test_pipeline_spot_check_has_original_plus_derived" time="2.516" /></testsuite></testsuites>