<?xml version="1.0" encoding="utf-8"?><testsuites name="pytest tests"><testsuite name="pytest" errors="0" failures="0" skipped="0" tests="22" time="6.106" timestamp="2026-04-28T10:07:41.127496+00:00" hostname="agent-env-16039ee8-3553-4bac-b658-381702f7d9fe"><testcase classname="backend.tests.test_iteration25_import_export.TestAuth" name="test_login_admin_user" time="0.233" /><testcase classname="backend.tests.test_iteration25_import_export.TestExistingEndpoints" name="test_get_summary" time="3.334" /><testcase classname="backend.tests.test_iteration25_import_export.TestExistingEndpoints" name="test_get_applicants" time="0.055" /><testcase classname="backend.tests.test_iteration25_import_export.TestExistingEndpoints" name="test_get_attended" time="0.060" /><testcase classname="backend.tests.test_iteration25_import_export.TestExistingEndpoints" name="test_get_job_roles" time="0.047" /><testcase classname="backend.tests.test_iteration25_import_export.TestExistingEndpoints" name="test_get_bulk_upload_status" time="0.053" /><testcase classname="backend.tests.test_iteration25_import_export.TestBBEndpoints" name="test_get_bb_job_roles" time="0.179" /><testcase classname="backend.tests.test_iteration25_import_export.TestBBEndpoints" name="test_get_bb_form_types" time="0.066" /><testcase classname="backend.tests.test_iteration25_import_export.TestBBEndpoints" name="test_get_bb_hiring_forms" time="0.066" /><testcase classname="backend.tests.test_iteration25_import_export.TestBBEndpoints" name="test_get_bb_holidays" time="0.058" /><testcase classname="backend.tests.test_iteration25_import_export.TestBBEndpoints" name="test_bb_verify_otp_invalid" time="0.059" /><testcase classname="backend.tests.test_iteration25_import_export.TestBBEndpoints" name="test_bb_verify_otp_empty_fields" time="0.069" /><testcase classname="backend.tests.test_iteration25_import_export.TestImportScoresEndpoint" name="test_import_scores_no_file" time="0.151" /><testcase classname="backend.tests.test_iteration25_import_export.TestImportScoresEndpoint" name="test_import_scores_valid_csv" time="0.051" /><testcase classname="backend.tests.test_iteration25_import_export.TestImportScoresEndpoint" name="test_import_scores_uppercase_headers" time="0.059" /><testcase classname="backend.tests.test_iteration25_import_export.TestImportScoresEndpoint" name="test_import_scores_empty_csv" time="0.048" /><testcase classname="backend.tests.test_iteration25_import_export.TestPublicEndpoints" name="test_pub_form_invalid_id" time="0.117" /><testcase classname="backend.tests.test_iteration25_import_export.TestPublicEndpoints" name="test_pub_form_valid" time="0.441" /><testcase classname="backend.tests.test_iteration25_import_export.TestPublicEndpoints" name="test_pub_register_creates_candidate" time="0.360" /><testcase classname="backend.tests.test_iteration25_import_export.TestAttendedForScores" name="test_get_attended_for_scores" time="0.153" /><testcase classname="backend.tests.test_iteration25_import_export.TestAttendedForScores" name="test_get_attended_for_scores_with_date_filter" time="0.050" /><testcase classname="backend.tests.test_iteration25_import_export.TestCleanup" name="test_cleanup_test_data" time="0.107" /></testsuite></testsuites>