<?xml version="1.0" encoding="utf-8"?><testsuites name="pytest tests"><testsuite name="pytest" errors="0" failures="0" skipped="0" tests="16" time="2.898" timestamp="2026-04-09T14:51:27.403578+00:00" hostname="agent-env-16039ee8-3553-4bac-b658-381702f7d9fe"><testcase classname="backend.tests.test_iteration11_strict_hierarchy.TestAuth" name="test_login_success" time="0.133" /><testcase classname="backend.tests.test_iteration11_strict_hierarchy.TestStatusEndpoint" name="test_status_counts" time="0.196" /><testcase classname="backend.tests.test_iteration11_strict_hierarchy.TestDashboardCounts" name="test_dashboard_counts_hierarchy" time="0.156" /><testcase classname="backend.tests.test_iteration11_strict_hierarchy.TestDashboardCounts" name="test_hierarchy_constraint_shortlisted" time="0.166" /><testcase classname="backend.tests.test_iteration11_strict_hierarchy.TestDashboardCounts" name="test_hierarchy_constraint_scheduled" time="0.168" /><testcase classname="backend.tests.test_iteration11_strict_hierarchy.TestRoleEndpoint" name="test_software_developer_applicants" time="0.186" /><testcase classname="backend.tests.test_iteration11_strict_hierarchy.TestRoleEndpoint" name="test_data_analyst_applicants" time="0.227" /><testcase classname="backend.tests.test_iteration11_strict_hierarchy.TestSummaryEndpoint" name="test_summary_software_developer" time="0.155" /><testcase classname="backend.tests.test_iteration11_strict_hierarchy.TestSummaryEndpoint" name="test_summary_data_analyst" time="0.171" /><testcase classname="backend.tests.test_iteration11_strict_hierarchy.TestDataEndpoints" name="test_data_shortlisted" time="0.185" /><testcase classname="backend.tests.test_iteration11_strict_hierarchy.TestDataEndpoints" name="test_data_rejected" time="0.157" /><testcase classname="backend.tests.test_iteration11_strict_hierarchy.TestDataEndpoints" name="test_data_scheduled" time="0.186" /><testcase classname="backend.tests.test_iteration11_strict_hierarchy.TestDataEndpoints" name="test_data_not_scheduled" time="0.156" /><testcase classname="backend.tests.test_iteration11_strict_hierarchy.TestDataEndpoints" name="test_data_attended" time="0.171" /><testcase classname="backend.tests.test_iteration11_strict_hierarchy.TestDataEndpoints" name="test_data_not_attended" time="0.181" /><testcase classname="backend.tests.test_iteration11_strict_hierarchy.TestDebugMatching" name="test_debug_matching_counts" time="0.209" /></testsuite></testsuites>