<?xml version="1.0" encoding="utf-8"?><testsuites name="pytest tests"><testsuite name="pytest" errors="0" failures="0" skipped="0" tests="16" time="1.857" timestamp="2026-04-11T12:37:58.392819+00:00" hostname="agent-env-16039ee8-3553-4bac-b658-381702f7d9fe"><testcase classname="backend.tests.test_ui_restructure.TestAuth" name="test_login_success" time="0.215" /><testcase classname="backend.tests.test_ui_restructure.TestGlobalApplicantsEndpoint" name="test_applicants_endpoint_exists" time="0.160" /><testcase classname="backend.tests.test_ui_restructure.TestGlobalApplicantsEndpoint" name="test_applicants_returns_correct_fields" time="0.047" /><testcase classname="backend.tests.test_ui_restructure.TestGlobalApplicantsEndpoint" name="test_applicants_job_role_filter" time="0.110" /><testcase classname="backend.tests.test_ui_restructure.TestGlobalApplicantsEndpoint" name="test_applicants_date_type_filter" time="0.093" /><testcase classname="backend.tests.test_ui_restructure.TestGlobalApplicantsEndpoint" name="test_applicants_search_filter" time="0.046" /><testcase classname="backend.tests.test_ui_restructure.TestGlobalApplicantsEndpoint" name="test_applicants_pagination" time="0.054" /><testcase classname="backend.tests.test_ui_restructure.TestGlobalAttendedEndpoint" name="test_attended_endpoint_no_jobrole_returns_all" time="0.147" /><testcase classname="backend.tests.test_ui_restructure.TestGlobalAttendedEndpoint" name="test_attended_with_jobrole_filter" time="0.089" /><testcase classname="backend.tests.test_ui_restructure.TestGlobalAttendedEndpoint" name="test_attended_returns_correct_columns" time="0.043" /><testcase classname="backend.tests.test_ui_restructure.TestGlobalAttendedEndpoint" name="test_attended_round_filter" time="0.043" /><testcase classname="backend.tests.test_ui_restructure.TestGlobalAttendedEndpoint" name="test_attended_date_range_filter" time="0.045" /><testcase classname="backend.tests.test_ui_restructure.TestGlobalAttendedEndpoint" name="test_attended_search_filter" time="0.042" /><testcase classname="backend.tests.test_ui_restructure.TestSummaryEndpoint" name="test_summary_returns_correct_fields" time="0.162" /><testcase classname="backend.tests.test_ui_restructure.TestDrilldownRoutesRemoved" name="test_old_role_endpoint_still_exists" time="0.179" /><testcase classname="backend.tests.test_ui_restructure.TestHealthCheck" name="test_api_health" time="0.132" /></testsuite></testsuites>