<?xml version="1.0" encoding="utf-8"?><testsuites name="pytest tests"><testsuite name="pytest" errors="0" failures="0" skipped="1" tests="10" time="18.117" timestamp="2026-05-05T17:57:34.999356+00:00" hostname="agent-env-16039ee8-3553-4bac-b658-381702f7d9fe"><testcase classname="backend.tests.test_iteration38_rounds_college.TestRounds" name="test_list_active_rounds_default" time="0.577" /><testcase classname="backend.tests.test_iteration38_rounds_college.TestRounds" name="test_list_with_include_inactive" time="0.290" /><testcase classname="backend.tests.test_iteration38_rounds_college.TestRounds" name="test_full_round_lifecycle_create_update_delete_restore" time="6.099" /><testcase classname="backend.tests.test_iteration38_rounds_college.TestRounds" name="test_hard_delete_blocked_when_round_in_use" time="0.290"><skipped type="pytest.skip" message="No likely-in-use round found in this DB to validate hard-delete block">/app/backend/tests/test_iteration38_rounds_college.py:109: No likely-in-use round found in this DB to validate hard-delete block</skipped></testcase><testcase classname="backend.tests.test_iteration38_rounds_college.TestCollegeSchedules" name="test_list_schedules" time="0.293" /><testcase classname="backend.tests.test_iteration38_rounds_college.TestCollegeSchedules" name="test_create_schedule_lifecycle" time="5.707" /><testcase classname="backend.tests.test_iteration38_rounds_college.TestPublicCollegeForm" name="test_pub_colleges_list" time="0.907" /><testcase classname="backend.tests.test_iteration38_rounds_college.TestPublicCollegeForm" name="test_pub_roles_filtered_by_college" time="0.760" /><testcase classname="backend.tests.test_iteration38_rounds_college.TestPublicCollegeForm" name="test_pub_register_success" time="1.965" /><testcase classname="backend.tests.test_iteration38_rounds_college.TestPublicCollegeForm" name="test_pub_register_invalid_combo_422" time="1.040" /></testsuite></testsuites>