<?xml version="1.0" encoding="utf-8"?><testsuites name="pytest tests"><testsuite name="pytest" errors="0" failures="0" skipped="0" tests="13" time="1.534" timestamp="2026-04-09T12:29:03.773309+00:00" hostname="agent-env-10df5ba8-becc-455d-b48d-90642df6ef61"><testcase classname="backend.tests.test_fixes_iteration8.TestAuth" name="test_login_success" time="0.175" /><testcase classname="backend.tests.test_fixes_iteration8.TestFix1RoleQueryParam" name="test_role_with_query_param_returns_200" time="0.200" /><testcase classname="backend.tests.test_fixes_iteration8.TestFix1RoleQueryParam" name="test_role_with_special_chars_returns_200" time="0.063" /><testcase classname="backend.tests.test_fixes_iteration8.TestFix1RoleQueryParam" name="test_role_without_param_returns_422" time="0.056" /><testcase classname="backend.tests.test_fixes_iteration8.TestFix1RoleQueryParam" name="test_role_path_param_returns_404" time="0.082" /><testcase classname="backend.tests.test_fixes_iteration8.TestFix2IndependentUpload" name="test_status_endpoint_exists" time="0.188" /><testcase classname="backend.tests.test_fixes_iteration8.TestFix2IndependentUpload" name="test_summary_with_existing_data" time="0.055" /><testcase classname="backend.tests.test_fixes_iteration8.TestFix2IndependentUpload" name="test_job_roles_endpoint" time="0.058" /><testcase classname="backend.tests.test_fixes_iteration8.TestFix3StatusEndpoint" name="test_status_returns_all_counts" time="0.148" /><testcase classname="backend.tests.test_fixes_iteration8.TestFix3StatusEndpoint" name="test_status_requires_auth" time="0.113" /><testcase classname="backend.tests.test_fixes_iteration8.TestExistingEndpoints" name="test_health_check" time="0.115" /><testcase classname="backend.tests.test_fixes_iteration8.TestExistingEndpoints" name="test_dashboard_counts" time="0.154" /><testcase classname="backend.tests.test_fixes_iteration8.TestExistingEndpoints" name="test_auth_check" time="0.054" /></testsuite></testsuites>