<?xml version="1.0" encoding="utf-8"?><testsuites name="pytest tests"><testsuite name="pytest" errors="0" failures="0" skipped="0" tests="9" time="2.279" timestamp="2026-04-09T15:04:29.756945+00:00" hostname="agent-env-16039ee8-3553-4bac-b658-381702f7d9fe"><testcase classname="backend.tests.test_iteration12_datetime_fix.TestAuth" name="test_login_success" time="0.317" /><testcase classname="backend.tests.test_iteration12_datetime_fix.TestDataCounts" name="test_status_counts" time="0.178" /><testcase classname="backend.tests.test_iteration12_datetime_fix.TestDataCounts" name="test_dashboard_counts" time="0.198" /><testcase classname="backend.tests.test_iteration12_datetime_fix.TestDataCounts" name="test_debug_matching" time="0.461" /><testcase classname="backend.tests.test_iteration12_datetime_fix.TestJobRoles" name="test_job_roles_list" time="0.237" /><testcase classname="backend.tests.test_iteration12_datetime_fix.TestRoleApplicants" name="test_role_applicants" time="0.169" /><testcase classname="backend.tests.test_iteration12_datetime_fix.TestRoleApplicants" name="test_date_format_dd_mon_yyyy" time="0.175" /><testcase classname="backend.tests.test_iteration12_datetime_fix.TestSummary" name="test_summary_stats" time="0.210" /><testcase classname="backend.tests.test_iteration12_datetime_fix.TestHierarchyConstraints" name="test_hierarchy_constraints" time="0.237" /></testsuite></testsuites>