<?xml version="1.0" encoding="utf-8"?><testsuites name="pytest tests"><testsuite name="pytest" errors="0" failures="0" skipped="0" tests="8" time="34.044" timestamp="2026-05-05T13:10:23.896179+00:00" hostname="agent-env-16039ee8-3553-4bac-b658-381702f7d9fe"><testcase classname="backend.tests.test_iteration35_slug_eval.TestPublicFormResolution" name="test_get_form_by_slug" time="6.261" /><testcase classname="backend.tests.test_iteration35_slug_eval.TestPublicFormResolution" name="test_get_form_by_objectid_backward_compat" time="0.575" /><testcase classname="backend.tests.test_iteration35_slug_eval.TestPublicFormResolution" name="test_get_form_nonexistent_slug_returns_404" time="0.366" /><testcase classname="backend.tests.test_iteration35_slug_eval.TestRegistrationEvaluation" name="test_reject_age" time="2.310" /><testcase classname="backend.tests.test_iteration35_slug_eval.TestRegistrationEvaluation" name="test_reject_graduation_year" time="4.699" /><testcase classname="backend.tests.test_iteration35_slug_eval.TestRegistrationEvaluation" name="test_reject_location" time="5.386" /><testcase classname="backend.tests.test_iteration35_slug_eval.TestRegistrationEvaluation" name="test_shortlisted_valid_candidate" time="8.943" /><testcase classname="backend.tests.test_iteration35_slug_eval.TestRegistrationEvaluation" name="test_register_with_objectid_works" time="5.386" /></testsuite></testsuites>