<?xml version="1.0" encoding="utf-8"?><testsuites name="pytest tests"><testsuite name="pytest" errors="0" failures="0" skipped="0" tests="15" time="1.206" timestamp="2026-04-09T13:32:46.897704+00:00" hostname="agent-env-16039ee8-3553-4bac-b658-381702f7d9fe"><testcase classname="backend.tests.test_iteration9_role_drilldown.TestAuth" name="test_login_success" time="0.162" /><testcase classname="backend.tests.test_iteration9_role_drilldown.TestAuth" name="test_login_invalid_credentials" time="0.107" /><testcase classname="backend.tests.test_iteration9_role_drilldown.TestStatusEndpoint" name="test_status_returns_counts" time="0.166" /><testcase classname="backend.tests.test_iteration9_role_drilldown.TestStatusEndpoint" name="test_status_expected_counts" time="0.053" /><testcase classname="backend.tests.test_iteration9_role_drilldown.TestDashboardCounts" name="test_dashboard_counts_structure" time="0.055" /><testcase classname="backend.tests.test_iteration9_role_drilldown.TestDashboardCounts" name="test_shortlisted_uses_result_status" time="0.049" /><testcase classname="backend.tests.test_iteration9_role_drilldown.TestRoleEndpoint" name="test_role_requires_job_role_param" time="0.047" /><testcase classname="backend.tests.test_iteration9_role_drilldown.TestRoleEndpoint" name="test_role_software_developer" time="0.052" /><testcase classname="backend.tests.test_iteration9_role_drilldown.TestRoleEndpoint" name="test_role_data_analyst" time="0.062" /><testcase classname="backend.tests.test_iteration9_role_drilldown.TestStatusDerivation" name="test_status_derivation_rules" time="0.095" /><testcase classname="backend.tests.test_iteration9_role_drilldown.TestSummaryEndpoint" name="test_summary_returns_funnel_stats" time="0.048" /><testcase classname="backend.tests.test_iteration9_role_drilldown.TestSummaryEndpoint" name="test_summary_shortlisted_uses_result_status" time="0.097" /><testcase classname="backend.tests.test_iteration9_role_drilldown.TestJobRolesEndpoint" name="test_job_roles_returns_unique_roles" time="0.050" /><testcase classname="backend.tests.test_iteration9_role_drilldown.TestRoleDrilldownPagination" name="test_pagination_params" time="0.052" /><testcase classname="backend.tests.test_iteration9_role_drilldown.TestRoleDrilldownPagination" name="test_date_filter_params" time="0.048" /></testsuite></testsuites>