<?xml version="1.0" encoding="utf-8"?><testsuites name="pytest tests"><testsuite name="pytest" errors="0" failures="0" skipped="0" tests="14" time="52.336" timestamp="2026-05-05T10:22:21.319212+00:00" hostname="agent-env-16039ee8-3553-4bac-b658-381702f7d9fe"><testcase classname="backend.tests.test_iteration34_messaging_pipeline.TestResolveRecipient" name="test_real_recipient_passthrough" time="0.165" /><testcase classname="backend.tests.test_iteration34_messaging_pipeline.TestResolveRecipient" name="test_is_test_overrides" time="0.000" /><testcase classname="backend.tests.test_iteration34_messaging_pipeline.TestResolveRecipient" name="test_test_mode_env_no_op" time="0.000" /><testcase classname="backend.tests.test_iteration34_messaging_pipeline.TestScheduleTimeNormalization" name="test_schedule_converts_1pm_to_13" time="10.099" /><testcase classname="backend.tests.test_iteration34_messaging_pipeline.TestScheduleTimeNormalization" name="test_24h_helper_via_schedule[9:30 AM-09:30:00]" time="5.922" /><testcase classname="backend.tests.test_iteration34_messaging_pipeline.TestScheduleTimeNormalization" name="test_24h_helper_via_schedule[12:00 PM-12:00:00]" time="4.673" /><testcase classname="backend.tests.test_iteration34_messaging_pipeline.TestScheduleTimeNormalization" name="test_24h_helper_via_schedule[12:00 AM-00:00:00]" time="7.204" /><testcase classname="backend.tests.test_iteration34_messaging_pipeline.TestScheduleTimeNormalization" name="test_24h_helper_via_schedule[11 PM-23:00:00]" time="6.603" /><testcase classname="backend.tests.test_iteration34_messaging_pipeline.TestScheduleTimeNormalization" name="test_24h_helper_via_schedule[13:45-13:45:00]" time="4.837" /><testcase classname="backend.tests.test_iteration34_messaging_pipeline.TestRegistrationPipelineData" name="test_register_creates_pipeline_record" time="2.947" /><testcase classname="backend.tests.test_iteration34_messaging_pipeline.TestScheduleConfirmationFires" name="test_post_cutoff_record_triggers_message" time="5.466" /><testcase classname="backend.tests.test_iteration34_messaging_pipeline.TestBackCompat" name="test_summary_has_total_registered" time="1.515" /><testcase classname="backend.tests.test_iteration34_messaging_pipeline.TestBackCompat" name="test_applicants_returns_rows" time="0.717" /><testcase classname="backend.tests.test_iteration34_messaging_pipeline.TestBackCompat" name="test_classification_endpoint_ok" time="2.106" /></testsuite></testsuites>