<?xml version="1.0" encoding="utf-8"?><testsuites name="pytest tests"><testsuite name="pytest" errors="0" failures="0" skipped="0" tests="25" time="8.096" timestamp="2026-04-22T14:36:16.038601+00:00" hostname="agent-env-16039ee8-3553-4bac-b658-381702f7d9fe"><testcase classname="backend.tests.test_iteration24_blubridge_update.TestLoginCredentials" name="test_login_with_new_credentials" time="0.216" /><testcase classname="backend.tests.test_iteration24_blubridge_update.TestLoginCredentials" name="test_login_with_old_credentials_fails" time="0.053" /><testcase classname="backend.tests.test_iteration24_blubridge_update.TestHolidaysCRUD" name="test_get_holidays" time="0.100" /><testcase classname="backend.tests.test_iteration24_blubridge_update.TestHolidaysCRUD" name="test_create_holiday" time="0.063" /><testcase classname="backend.tests.test_iteration24_blubridge_update.TestHolidaysCRUD" name="test_update_holiday" time="0.154" /><testcase classname="backend.tests.test_iteration24_blubridge_update.TestHolidaysCRUD" name="test_delete_holiday" time="0.096" /><testcase classname="backend.tests.test_iteration24_blubridge_update.TestVerifyOTP" name="test_verify_otp_invalid" time="0.054" /><testcase classname="backend.tests.test_iteration24_blubridge_update.TestVerifyOTP" name="test_verify_otp_missing_fields" time="0.060" /><testcase classname="backend.tests.test_iteration24_blubridge_update.TestPublicFormEndpoint" name="test_get_public_form_no_auth" time="0.306" /><testcase classname="backend.tests.test_iteration24_blubridge_update.TestPublicFormEndpoint" name="test_get_public_form_invalid_id" time="0.322" /><testcase classname="backend.tests.test_iteration24_blubridge_update.TestPublicRegistration" name="test_register_shortlisted" time="0.273" /><testcase classname="backend.tests.test_iteration24_blubridge_update.TestPublicRegistration" name="test_register_rejected_age" time="0.107" /><testcase classname="backend.tests.test_iteration24_blubridge_update.TestPublicRegistration" name="test_register_rejected_location" time="0.272" /><testcase classname="backend.tests.test_iteration24_blubridge_update.TestInterviewScheduling" name="test_get_schedule_info" time="0.657" /><testcase classname="backend.tests.test_iteration24_blubridge_update.TestInterviewScheduling" name="test_schedule_interview" time="0.158" /><testcase classname="backend.tests.test_iteration24_blubridge_update.TestInterviewScheduling" name="test_reschedule_interview" time="0.264" /><testcase classname="backend.tests.test_iteration24_blubridge_update.TestInterviewScheduling" name="test_invalid_token" time="0.284" /><testcase classname="backend.tests.test_iteration24_blubridge_update.TestEnhancedJobOpenings" name="test_create_job_opening_with_all_fields" time="0.160" /><testcase classname="backend.tests.test_iteration24_blubridge_update.TestHiringFormsWithJD" name="test_create_form_with_jd_attached" time="0.658" /><testcase classname="backend.tests.test_iteration24_blubridge_update.TestExistingEndpoints" name="test_summary_endpoint" time="3.277" /><testcase classname="backend.tests.test_iteration24_blubridge_update.TestExistingEndpoints" name="test_applicants_endpoint" time="0.060" /><testcase classname="backend.tests.test_iteration24_blubridge_update.TestExistingEndpoints" name="test_attended_endpoint" time="0.059" /><testcase classname="backend.tests.test_iteration24_blubridge_update.TestExistingEndpoints" name="test_job_roles_endpoint" time="0.052" /><testcase classname="backend.tests.test_iteration24_blubridge_update.TestExistingEndpoints" name="test_bulk_upload_status" time="0.069" /><testcase classname="backend.tests.test_iteration24_blubridge_update.TestCleanup" name="test_cleanup_holidays" time="0.104" /></testsuite></testsuites>