<?xml version="1.0" encoding="utf-8"?><testsuites name="pytest tests"><testsuite name="pytest" errors="0" failures="1" skipped="0" tests="15" time="30.090" timestamp="2026-05-05T06:35:46.241734+00:00" hostname="agent-env-16039ee8-3553-4bac-b658-381702f7d9fe"><testcase classname="backend.tests.test_iteration32_pipeline_applicants.TestApplicantsPipelineSource" name="test_total_is_pipeline_count" time="1.301" /><testcase classname="backend.tests.test_iteration32_pipeline_applicants.TestApplicantsPipelineSource" name="test_row_schema_has_required_keys" time="0.909" /><testcase classname="backend.tests.test_iteration32_pipeline_applicants.TestApplicantsPipelineSource" name="test_filter_nirf" time="10.329" /><testcase classname="backend.tests.test_iteration32_pipeline_applicants.TestApplicantsPipelineSource" name="test_filter_non_nirf" time="1.114" /><testcase classname="backend.tests.test_iteration32_pipeline_applicants.TestApplicantsPipelineSource" name="test_filter_jobrole" time="2.653" /><testcase classname="backend.tests.test_iteration32_pipeline_applicants.TestApplicantsPipelineSource" name="test_search_email" time="1.188" /><testcase classname="backend.tests.test_iteration32_pipeline_applicants.TestApplicantsPipelineSource" name="test_pagination_distinct" time="1.792" /><testcase classname="backend.tests.test_iteration32_pipeline_applicants.TestJobRoles" name="test_aggregated_from_pipeline" time="0.547" /><testcase classname="backend.tests.test_iteration32_pipeline_applicants.TestAttendedPipelineSource" name="test_total_is_pipeline_count" time="1.251" /><testcase classname="backend.tests.test_iteration32_pipeline_applicants.TestAttendedPipelineSource" name="test_row_has_score_columns_and_schedule" time="1.179"><failure message="AssertionError: No score columns found in row keys: ['name', 'email', 'phone', 'college_status', 'college', 'match_confidence', 'degree', 'course', 'year_of_graduation', 'job_role', 'schedule_date', 'result_status', 'ZA', 'C++', 'Java', 'BA', 'LA', 'Mensa Org', 'Accounts2', 'Accounts1', 'BE', 'Mensa', 'BP']&#10;assert ('score' in 'name email phone college_status college match_confidence degree course year_of_graduation job_role schedule_date result_status za c++ java ba la mensa org accounts2 accounts1 be mensa bp' or 'round' in 'name email phone college_status college match_confidence degree course year_of_graduation job_role schedule_date result_status za c++ java ba la mensa org accounts2 accounts1 be mensa bp')">backend/tests/test_iteration32_pipeline_applicants.py:164: in test_row_has_score_columns_and_schedule
    assert "score" in keys or "round" in keys, \
E   AssertionError: No score columns found in row keys: ['name', 'email', 'phone', 'college_status', 'college', 'match_confidence', 'degree', 'course', 'year_of_graduation', 'job_role', 'schedule_date', 'result_status', 'ZA', 'C++', 'Java', 'BA', 'LA', 'Mensa Org', 'Accounts2', 'Accounts1', 'BE', 'Mensa', 'BP']
E   assert ('score' in 'name email phone college_status college match_confidence degree course year_of_graduation job_role schedule_date result_status za c++ java ba la mensa org accounts2 accounts1 be mensa bp' or 'round' in 'name email phone college_status college match_confidence degree course year_of_graduation job_role schedule_date result_status za c++ java ba la mensa org accounts2 accounts1 be mensa bp')</failure></testcase><testcase classname="backend.tests.test_iteration32_pipeline_applicants.TestAttendedPipelineSource" name="test_attended_filter_nirf" time="0.970" /><testcase classname="backend.tests.test_iteration32_pipeline_applicants.TestAttendedPipelineSource" name="test_attended_pagination_distinct" time="2.493" /><testcase classname="backend.tests.test_iteration32_pipeline_applicants.TestAttendedRoles" name="test_attended_roles_sum" time="1.631" /><testcase classname="backend.tests.test_iteration32_pipeline_applicants.TestSummaryRegression" name="test_summary_contract" time="1.342" /><testcase classname="backend.tests.test_iteration32_pipeline_applicants.TestSummaryRegression" name="test_classification_unchanged" time="1.301" /></testsuite></testsuites>