<?xml version="1.0" encoding="utf-8"?><testsuites name="pytest tests"><testsuite name="pytest" errors="0" failures="0" skipped="0" tests="45" time="8.573" timestamp="2026-04-21T18:35:28.111875+00:00" hostname="agent-env-16039ee8-3553-4bac-b658-381702f7d9fe"><testcase classname="backend.tests.test_iteration23_bb_modules.TestAuth" name="test_login_success" time="0.326" /><testcase classname="backend.tests.test_iteration23_bb_modules.TestAuth" name="test_login_invalid" time="0.121" /><testcase classname="backend.tests.test_iteration23_bb_modules.TestBBJobRoles" name="test_list_job_roles" time="0.191" /><testcase classname="backend.tests.test_iteration23_bb_modules.TestBBJobRoles" name="test_create_job_role" time="0.065" /><testcase classname="backend.tests.test_iteration23_bb_modules.TestBBJobRoles" name="test_update_job_role" time="0.123" /><testcase classname="backend.tests.test_iteration23_bb_modules.TestBBJobRoles" name="test_delete_job_role" time="0.106" /><testcase classname="backend.tests.test_iteration23_bb_modules.TestBBJobRoles" name="test_delete_nonexistent_role" time="0.055" /><testcase classname="backend.tests.test_iteration23_bb_modules.TestBBJobRoles" name="test_create_empty_name_fails" time="0.054" /><testcase classname="backend.tests.test_iteration23_bb_modules.TestBBFormTypes" name="test_list_form_types" time="0.159" /><testcase classname="backend.tests.test_iteration23_bb_modules.TestBBFormTypes" name="test_create_form_type" time="0.060" /><testcase classname="backend.tests.test_iteration23_bb_modules.TestBBFormTypes" name="test_update_form_type" time="0.059" /><testcase classname="backend.tests.test_iteration23_bb_modules.TestBBFormTypes" name="test_delete_form_type" time="0.056" /><testcase classname="backend.tests.test_iteration23_bb_modules.TestBBHiringForms" name="test_list_hiring_forms" time="0.171" /><testcase classname="backend.tests.test_iteration23_bb_modules.TestBBHiringForms" name="test_create_hiring_form_with_conditions" time="0.113" /><testcase classname="backend.tests.test_iteration23_bb_modules.TestBBHiringForms" name="test_update_hiring_form" time="0.049" /><testcase classname="backend.tests.test_iteration23_bb_modules.TestBBHiringForms" name="test_delete_hiring_form" time="0.048" /><testcase classname="backend.tests.test_iteration23_bb_modules.TestBBHiringForms" name="test_create_form_invalid_type_fails" time="0.118" /><testcase classname="backend.tests.test_iteration23_bb_modules.TestBBRounds" name="test_list_rounds" time="0.212" /><testcase classname="backend.tests.test_iteration23_bb_modules.TestBBRounds" name="test_create_round" time="0.068" /><testcase classname="backend.tests.test_iteration23_bb_modules.TestBBRounds" name="test_update_round" time="0.121" /><testcase classname="backend.tests.test_iteration23_bb_modules.TestBBRounds" name="test_delete_round" time="0.070" /><testcase classname="backend.tests.test_iteration23_bb_modules.TestBBJobOpenings" name="test_list_job_openings" time="0.154" /><testcase classname="backend.tests.test_iteration23_bb_modules.TestBBJobOpenings" name="test_create_job_opening" time="0.062" /><testcase classname="backend.tests.test_iteration23_bb_modules.TestBBJobOpenings" name="test_update_job_opening" time="0.049" /><testcase classname="backend.tests.test_iteration23_bb_modules.TestBBJobOpenings" name="test_delete_job_opening" time="0.055" /><testcase classname="backend.tests.test_iteration23_bb_modules.TestBBInterviewReports" name="test_get_interview_reports" time="0.251" /><testcase classname="backend.tests.test_iteration23_bb_modules.TestBBInterviewReports" name="test_interview_reports_with_filters" time="0.065" /><testcase classname="backend.tests.test_iteration23_bb_modules.TestBBInterviewReports" name="test_interview_reports_pagination" time="0.056" /><testcase classname="backend.tests.test_iteration23_bb_modules.TestBBAttendedForScores" name="test_get_attended_for_scores" time="0.194" /><testcase classname="backend.tests.test_iteration23_bb_modules.TestBBAttendedForScores" name="test_attended_for_scores_with_date_filter" time="0.058" /><testcase classname="backend.tests.test_iteration23_bb_modules.TestBBApplicantScoreUpdate" name="test_update_applicant_score" time="0.244" /><testcase classname="backend.tests.test_iteration23_bb_modules.TestBBApplicantScoreUpdate" name="test_update_applicant_score_status_only" time="0.062" /><testcase classname="backend.tests.test_iteration23_bb_modules.TestExistingEndpoints" name="test_summary_endpoint" time="3.395" /><testcase classname="backend.tests.test_iteration23_bb_modules.TestExistingEndpoints" name="test_applicants_endpoint" time="0.091" /><testcase classname="backend.tests.test_iteration23_bb_modules.TestExistingEndpoints" name="test_attended_endpoint" time="0.082" /><testcase classname="backend.tests.test_iteration23_bb_modules.TestExistingEndpoints" name="test_job_roles_endpoint" time="0.056" /><testcase classname="backend.tests.test_iteration23_bb_modules.TestExistingEndpoints" name="test_job_keyword_mappings_endpoint" time="0.057" /><testcase classname="backend.tests.test_iteration23_bb_modules.TestExistingEndpoints" name="test_bulk_upload_status_endpoint" time="0.098" /><testcase classname="backend.tests.test_iteration23_bb_modules.TestAuthRequired" name="test_job_roles_requires_auth" time="0.165" /><testcase classname="backend.tests.test_iteration23_bb_modules.TestAuthRequired" name="test_form_types_requires_auth" time="0.184" /><testcase classname="backend.tests.test_iteration23_bb_modules.TestAuthRequired" name="test_hiring_forms_requires_auth" time="0.140" /><testcase classname="backend.tests.test_iteration23_bb_modules.TestAuthRequired" name="test_rounds_requires_auth" time="0.111" /><testcase classname="backend.tests.test_iteration23_bb_modules.TestAuthRequired" name="test_job_openings_requires_auth" time="0.103" /><testcase classname="backend.tests.test_iteration23_bb_modules.TestAuthRequired" name="test_interview_reports_requires_auth" time="0.096" /><testcase classname="backend.tests.test_iteration23_bb_modules.TestAuthRequired" name="test_attended_for_scores_requires_auth" time="0.144" /></testsuite></testsuites>